[0mCMake Deprecation Warning at /usr/src/googletest/CMakeLists.txt:4 (cmake_minimum_required):
  Compatibility with CMake < 2.8.12 will be removed from a future version of
  CMake.

  Update the VERSION argument <min> value or use a ...<max> suffix to tell
  CMake that the project does not need compatibility with older versions.

[0m
[0mCMake Deprecation Warning at /usr/src/googletest/googlemock/CMakeLists.txt:45 (cmake_minimum_required):
  Compatibility with CMake < 2.8.12 will be removed from a future version of
  CMake.

  Update the VERSION argument <min> value or use a ...<max> suffix to tell
  CMake that the project does not need compatibility with older versions.

[0m
[0mCMake Deprecation Warning at /usr/src/googletest/googletest/CMakeLists.txt:56 (cmake_minimum_required):
  Compatibility with CMake < 2.8.12 will be removed from a future version of
  CMake.

  Update the VERSION argument <min> value or use a ...<max> suffix to tell
  CMake that the project does not need compatibility with older versions.

[0m
[31mCMake Error at /opt/ros/noetic/share/catkin/cmake/catkin_install_python.cmake:86 (message):
  catkin_install_python() called with non-existing file
  '/home/toto/Documents/SASA/SASA/Robotic-Arm/rob_arm_ws/src/tag_utils/src/scripts/detect_tag_arm.py'.
[36mCall Stack (most recent call first):[0m
  CMakeLists.txt:163 (catkin_install_python)

[0m
make: *** [Makefile:338: cmake_check_build_system] Error 1
