[36m--[0m Using CATKIN_DEVEL_PREFIX: /home/toto/Documents/SASA/SASA/Robotic-Arm/rob_arm_ws/devel/.private/tag_utils
[36m--[0m Using CMAKE_PREFIX_PATH: /home/toto/Documents/SASA/SASA/Robotic-Arm/rob_arm_ws/devel;/opt/ros/noetic
[36m--[0m This workspace overlays: /home/toto/Documents/SASA/SASA/Robotic-Arm/rob_arm_ws/devel;/opt/ros/noetic
[36m--[0m Found PythonInterp: /usr/bin/python3 (found suitable version "3.8.10", minimum required is "3")
[36m--[0m Using PYTHON_EXECUTABLE: /usr/bin/python3
[36m--[0m Using Debian Python package layout
[36m--[0m Using empy: /usr/lib/python3/dist-packages/em.py
[36m--[0m Using CATKIN_ENABLE_TESTING: ON
[36m--[0m Call enable_testing()
[36m--[0m Using CATKIN_TEST_RESULTS_DIR: /home/toto/Documents/SASA/SASA/Robotic-Arm/rob_arm_ws/build/tag_utils/test_results
[36m--[0m Forcing gtest/gmock from source, though one was otherwise available.
[36m--[0m Found gtest sources under '/usr/src/googletest': gtests will be built
[36m--[0m Found gmock sources under '/usr/src/googletest': gmock will be built
[0mCMake Deprecation Warning at /usr/src/googletest/CMakeLists.txt:4 (cmake_minimum_required):
  Compatibility with CMake < 2.8.12 will be removed from a future version of
  CMake.

  Update the VERSION argument <min> value or use a ...<max> suffix to tell
  CMake that the project does not need compatibility with older versions.

[0m
[0mCMake Deprecation Warning at /usr/src/googletest/googlemock/CMakeLists.txt:45 (cmake_minimum_required):
  Compatibility with CMake < 2.8.12 will be removed from a future version of
  CMake.

  Update the VERSION argument <min> value or use a ...<max> suffix to tell
  CMake that the project does not need compatibility with older versions.

[0m
[0mCMake Deprecation Warning at /usr/src/googletest/googletest/CMakeLists.txt:56 (cmake_minimum_required):
  Compatibility with CMake < 2.8.12 will be removed from a future version of
  CMake.

  Update the VERSION argument <min> value or use a ...<max> suffix to tell
  CMake that the project does not need compatibility with older versions.

[0m
[36m--[0m Found PythonInterp: /usr/bin/python3 (found version "3.8.10")
[36m--[0m Using Python nosetests: /usr/bin/nosetests3
[36m--[0m catkin 0.8.10
[36m--[0m BUILD_SHARED_LIBS is on
[36m--[0m Installing devel-space wrapper /home/toto/Documents/SASA/SASA/Robotic-Arm/rob_arm_ws/src/tag_utils/src/scripts/detect_tag.py to /home/toto/Documents/SASA/SASA/Robotic-Arm/rob_arm_ws/devel/.private/tag_utils/lib/tag_utils
[31mCMake Error at /opt/ros/noetic/share/catkin/cmake/catkin_install_python.cmake:86 (message):
  catkin_install_python() called with non-existing file
  '/home/toto/Documents/SASA/SASA/Robotic-Arm/rob_arm_ws/src/tag_utils/src/scripts/detect_tag_arm.py'.
[36mCall Stack (most recent call first):[0m
  CMakeLists.txt:163 (catkin_install_python)

[0m
[36m--[0m Configuring incomplete, errors occurred!
make: *** [Makefile:338: cmake_check_build_system] Error 1
