Symlinking /home/toto/Documents/SASA/SASA/Robotic-Arm/rob_arm_ws/devel/include/tag_utils/GetTagRequest.h
Symlinking /home/toto/Documents/SASA/SASA/Robotic-Arm/rob_arm_ws/devel/include/tag_utils/GetTagResponse.h
Symlinking /home/toto/Documents/SASA/SASA/Robotic-Arm/rob_arm_ws/devel/include/tag_utils/GetTag.h
Linked: (/home/toto/Documents/SASA/SASA/Robotic-Arm/rob_arm_ws/devel/.private/tag_utils/lib/python3/dist-packages/tag_utils/__init__.py, /home/toto/Documents/SASA/SASA/Robotic-Arm/rob_arm_ws/devel/lib/python3/dist-packages/tag_utils/__init__.py)
Symlinking /home/toto/Documents/SASA/SASA/Robotic-Arm/rob_arm_ws/devel/lib/python3/dist-packages/tag_utils/srv/_GetTag.py
Symlinking /home/toto/Documents/SASA/SASA/Robotic-Arm/rob_arm_ws/devel/lib/python3/dist-packages/tag_utils/srv/__init__.py
Linked: (/home/toto/Documents/SASA/SASA/Robotic-Arm/rob_arm_ws/devel/.private/tag_utils/lib/tag_utils/remote_tag_detection.py, /home/toto/Documents/SASA/SASA/Robotic-Arm/rob_arm_ws/devel/lib/tag_utils/remote_tag_detection.py)
Linked: (/home/toto/Documents/SASA/SASA/Robotic-Arm/rob_arm_ws/devel/.private/tag_utils/lib/tag_utils/cmake.lock, /home/toto/Documents/SASA/SASA/Robotic-Arm/rob_arm_ws/devel/lib/tag_utils/cmake.lock)
Linked: (/home/toto/Documents/SASA/SASA/Robotic-Arm/rob_arm_ws/devel/.private/tag_utils/lib/tag_utils/maintenance_tag_detection_simple.py, /home/toto/Documents/SASA/SASA/Robotic-Arm/rob_arm_ws/devel/lib/tag_utils/maintenance_tag_detection_simple.py)
Linked: (/home/toto/Documents/SASA/SASA/Robotic-Arm/rob_arm_ws/devel/.private/tag_utils/lib/tag_utils/detect_tag.py, /home/toto/Documents/SASA/SASA/Robotic-Arm/rob_arm_ws/devel/lib/tag_utils/detect_tag.py)
Linked: (/home/toto/Documents/SASA/SASA/Robotic-Arm/rob_arm_ws/devel/.private/tag_utils/lib/tag_utils/navigation_tag_detection.py, /home/toto/Documents/SASA/SASA/Robotic-Arm/rob_arm_ws/devel/lib/tag_utils/navigation_tag_detection.py)
Symlinking /home/toto/Documents/SASA/SASA/Robotic-Arm/rob_arm_ws/devel/lib/tag_utils/service_get_tag.py
Symlinking /home/toto/Documents/SASA/SASA/Robotic-Arm/rob_arm_ws/devel/lib/tag_utils/remote_objective_1.py
Linked: (/home/toto/Documents/SASA/SASA/Robotic-Arm/rob_arm_ws/devel/.private/tag_utils/lib/tag_utils/ekf_tag.py, /home/toto/Documents/SASA/SASA/Robotic-Arm/rob_arm_ws/devel/lib/tag_utils/ekf_tag.py)
Linked: (/home/toto/Documents/SASA/SASA/Robotic-Arm/rob_arm_ws/devel/.private/tag_utils/lib/tag_utils/detect_tag_arm.py, /home/toto/Documents/SASA/SASA/Robotic-Arm/rob_arm_ws/devel/lib/tag_utils/detect_tag_arm.py)
Linked: (/home/toto/Documents/SASA/SASA/Robotic-Arm/rob_arm_ws/devel/.private/tag_utils/lib/tag_utils/maintenance_tag_detection.py, /home/toto/Documents/SASA/SASA/Robotic-Arm/rob_arm_ws/devel/lib/tag_utils/maintenance_tag_detection.py)
Symlinking /home/toto/Documents/SASA/SASA/Robotic-Arm/rob_arm_ws/devel/lib/tag_utils/maintenance_buttons_site.py
Linked: (/home/toto/Documents/SASA/SASA/Robotic-Arm/rob_arm_ws/devel/.private/tag_utils/lib/pkgconfig/tag_utils.pc, /home/toto/Documents/SASA/SASA/Robotic-Arm/rob_arm_ws/devel/lib/pkgconfig/tag_utils.pc)
Symlinking /home/toto/Documents/SASA/SASA/Robotic-Arm/rob_arm_ws/devel/share/roseus/ros/tag_utils/manifest.l
Symlinking /home/toto/Documents/SASA/SASA/Robotic-Arm/rob_arm_ws/devel/share/roseus/ros/tag_utils/srv/GetTag.l
Linked: (/home/toto/Documents/SASA/SASA/Robotic-Arm/rob_arm_ws/devel/.private/tag_utils/share/tag_utils/cmake/tag_utilsConfig.cmake, /home/toto/Documents/SASA/SASA/Robotic-Arm/rob_arm_ws/devel/share/tag_utils/cmake/tag_utilsConfig.cmake)
Symlinking /home/toto/Documents/SASA/SASA/Robotic-Arm/rob_arm_ws/devel/share/tag_utils/cmake/tag_utils-msg-extras.cmake
Symlinking /home/toto/Documents/SASA/SASA/Robotic-Arm/rob_arm_ws/devel/share/tag_utils/cmake/tag_utils-msg-paths.cmake
Linked: (/home/toto/Documents/SASA/SASA/Robotic-Arm/rob_arm_ws/devel/.private/tag_utils/share/tag_utils/cmake/tag_utilsConfig-version.cmake, /home/toto/Documents/SASA/SASA/Robotic-Arm/rob_arm_ws/devel/share/tag_utils/cmake/tag_utilsConfig-version.cmake)
Symlinking /home/toto/Documents/SASA/SASA/Robotic-Arm/rob_arm_ws/devel/share/common-lisp/ros/tag_utils/srv/GetTag.lisp
Symlinking /home/toto/Documents/SASA/SASA/Robotic-Arm/rob_arm_ws/devel/share/common-lisp/ros/tag_utils/srv/_package.lisp
Symlinking /home/toto/Documents/SASA/SASA/Robotic-Arm/rob_arm_ws/devel/share/common-lisp/ros/tag_utils/srv/_package_GetTag.lisp
Symlinking /home/toto/Documents/SASA/SASA/Robotic-Arm/rob_arm_ws/devel/share/common-lisp/ros/tag_utils/srv/tag_utils-srv.asd
Symlinking /home/toto/Documents/SASA/SASA/Robotic-Arm/rob_arm_ws/devel/share/gennodejs/ros/tag_utils/_index.js
Symlinking /home/toto/Documents/SASA/SASA/Robotic-Arm/rob_arm_ws/devel/share/gennodejs/ros/tag_utils/srv/GetTag.js
Symlinking /home/toto/Documents/SASA/SASA/Robotic-Arm/rob_arm_ws/devel/share/gennodejs/ros/tag_utils/srv/_index.js
