Symlinking /home/toto/Documents/SASA/SASA/Robotic-Arm/rob_arm_ws/devel/include/tag_utils/GetTagRequest.h
Symlinking /home/toto/Documents/SASA/SASA/Robotic-Arm/rob_arm_ws/devel/include/tag_utils/GetTagResponse.h
Symlinking /home/toto/Documents/SASA/SASA/Robotic-Arm/rob_arm_ws/devel/include/tag_utils/GetTag.h
Symlinking /home/toto/Documents/SASA/SASA/Robotic-Arm/rob_arm_ws/devel/lib/python3/dist-packages/tag_utils/__init__.py
Symlinking /home/toto/Documents/SASA/SASA/Robotic-Arm/rob_arm_ws/devel/lib/python3/dist-packages/tag_utils/srv/_GetTag.py
Symlinking /home/toto/Documents/SASA/SASA/Robotic-Arm/rob_arm_ws/devel/lib/python3/dist-packages/tag_utils/srv/__init__.py
Symlinking /home/toto/Documents/SASA/SASA/Robotic-Arm/rob_arm_ws/devel/lib/tag_utils/cmake.lock
Symlinking /home/toto/Documents/SASA/SASA/Robotic-Arm/rob_arm_ws/devel/lib/tag_utils/maintenance_tag_detection_simple.py
Symlinking /home/toto/Documents/SASA/SASA/Robotic-Arm/rob_arm_ws/devel/lib/tag_utils/remote_objective_3.py
Symlinking /home/toto/Documents/SASA/SASA/Robotic-Arm/rob_arm_ws/devel/lib/tag_utils/detect_tag.py
Symlinking /home/toto/Documents/SASA/SASA/Robotic-Arm/rob_arm_ws/devel/lib/tag_utils/navigation_tag_detection.py
Symlinking /home/toto/Documents/SASA/SASA/Robotic-Arm/rob_arm_ws/devel/lib/tag_utils/service_get_tag.py
Symlinking /home/toto/Documents/SASA/SASA/Robotic-Arm/rob_arm_ws/devel/lib/tag_utils/remote_objective_1.py
Symlinking /home/toto/Documents/SASA/SASA/Robotic-Arm/rob_arm_ws/devel/lib/tag_utils/remote_objective_2.py
Symlinking /home/toto/Documents/SASA/SASA/Robotic-Arm/rob_arm_ws/devel/lib/tag_utils/ekf_tag.py
Symlinking /home/toto/Documents/SASA/SASA/Robotic-Arm/rob_arm_ws/devel/lib/tag_utils/maintenance_tag_detection.py
Symlinking /home/toto/Documents/SASA/SASA/Robotic-Arm/rob_arm_ws/devel/lib/tag_utils/remote_objective_9.py
Symlinking /home/toto/Documents/SASA/SASA/Robotic-Arm/rob_arm_ws/devel/lib/tag_utils/maintenance_presa.py
Symlinking /home/toto/Documents/SASA/SASA/Robotic-Arm/rob_arm_ws/devel/lib/tag_utils/maintenance_buttons_site.py
Symlinking /home/toto/Documents/SASA/SASA/Robotic-Arm/rob_arm_ws/devel/lib/pkgconfig/tag_utils.pc
Symlinking /home/toto/Documents/SASA/SASA/Robotic-Arm/rob_arm_ws/devel/share/roseus/ros/tag_utils/manifest.l
Symlinking /home/toto/Documents/SASA/SASA/Robotic-Arm/rob_arm_ws/devel/share/roseus/ros/tag_utils/srv/GetTag.l
Symlinking /home/toto/Documents/SASA/SASA/Robotic-Arm/rob_arm_ws/devel/share/tag_utils/cmake/tag_utilsConfig.cmake
Symlinking /home/toto/Documents/SASA/SASA/Robotic-Arm/rob_arm_ws/devel/share/tag_utils/cmake/tag_utils-msg-extras.cmake
Symlinking /home/toto/Documents/SASA/SASA/Robotic-Arm/rob_arm_ws/devel/share/tag_utils/cmake/tag_utils-msg-paths.cmake
Symlinking /home/toto/Documents/SASA/SASA/Robotic-Arm/rob_arm_ws/devel/share/tag_utils/cmake/tag_utilsConfig-version.cmake
Symlinking /home/toto/Documents/SASA/SASA/Robotic-Arm/rob_arm_ws/devel/share/common-lisp/ros/tag_utils/srv/GetTag.lisp
Symlinking /home/toto/Documents/SASA/SASA/Robotic-Arm/rob_arm_ws/devel/share/common-lisp/ros/tag_utils/srv/_package.lisp
Symlinking /home/toto/Documents/SASA/SASA/Robotic-Arm/rob_arm_ws/devel/share/common-lisp/ros/tag_utils/srv/_package_GetTag.lisp
Symlinking /home/toto/Documents/SASA/SASA/Robotic-Arm/rob_arm_ws/devel/share/common-lisp/ros/tag_utils/srv/tag_utils-srv.asd
Symlinking /home/toto/Documents/SASA/SASA/Robotic-Arm/rob_arm_ws/devel/share/gennodejs/ros/tag_utils/_index.js
Symlinking /home/toto/Documents/SASA/SASA/Robotic-Arm/rob_arm_ws/devel/share/gennodejs/ros/tag_utils/srv/GetTag.js
Symlinking /home/toto/Documents/SASA/SASA/Robotic-Arm/rob_arm_ws/devel/share/gennodejs/ros/tag_utils/srv/_index.js
