[  0%] Built target _arm_old_and_auxiliary_pkg_generate_messages_check_deps_Float6Array
[  0%] Built target std_msgs_generate_messages_py
[  0%] Built target std_msgs_generate_messages_cpp
[  0%] Built target std_msgs_generate_messages_eus
[  0%] Built target std_msgs_generate_messages_nodejs
[  0%] Built target std_msgs_generate_messages_lisp
[  7%] [32mBuilding CXX object CMakeFiles/publisher_test_exe.dir/hardware_interface/publisher_test.cpp.o[0m
[ 15%] [32mBuilding CXX object CMakeFiles/arm_old_and_auxiliary_pkg_exe.dir/hardware_interface/new_hardware_interface_node.cpp.o[0m
[ 23%] [32mBuilding CXX object CMakeFiles/subscriber_test_exe.dir/hardware_interface/subscriber_test.cpp.o[0m
[ 30%] [32m[1mLinking CXX executable /home/toto/Documents/SASA/SASA/Robotic-Arm/rob_arm_ws/devel/.private/arm_old_and_auxiliary_pkg/lib/arm_old_and_auxiliary_pkg/publisher_test_exe[0m
[ 30%] Built target publisher_test_exe
[ 38%] [34m[1mGenerating Python from MSG arm_old_and_auxiliary_pkg/Float6Array[0m
[ 46%] [32m[1mLinking CXX executable /home/toto/Documents/SASA/SASA/Robotic-Arm/rob_arm_ws/devel/.private/arm_old_and_auxiliary_pkg/lib/arm_old_and_auxiliary_pkg/subscriber_test_exe[0m
[ 53%] [34m[1mGenerating Python msg __init__.py for arm_old_and_auxiliary_pkg[0m
[ 53%] Built target subscriber_test_exe
[ 61%] [34m[1mGenerating C++ code from arm_old_and_auxiliary_pkg/Float6Array.msg[0m
[ 61%] Built target arm_old_and_auxiliary_pkg_generate_messages_py
[ 61%] Built target arm_old_and_auxiliary_pkg_generate_messages_cpp
[ 69%] [34m[1mGenerating EusLisp code from arm_old_and_auxiliary_pkg/Float6Array.msg[0m
[ 76%] [34m[1mGenerating EusLisp manifest code for arm_old_and_auxiliary_pkg[0m
[ 76%] Built target arm_old_and_auxiliary_pkg_generate_messages_eus
[ 84%] [34m[1mGenerating Lisp code from arm_old_and_auxiliary_pkg/Float6Array.msg[0m
[ 84%] Built target arm_old_and_auxiliary_pkg_generate_messages_lisp
[ 92%] [34m[1mGenerating Javascript code from arm_old_and_auxiliary_pkg/Float6Array.msg[0m
[ 92%] Built target arm_old_and_auxiliary_pkg_generate_messages_nodejs
[ 92%] Built target arm_old_and_auxiliary_pkg_generate_messages
[100%] [32m[1mLinking CXX executable /home/toto/Documents/SASA/SASA/Robotic-Arm/rob_arm_ws/devel/.private/arm_old_and_auxiliary_pkg/lib/arm_old_and_auxiliary_pkg/arm_old_and_auxiliary_pkg_exe[0m
[100%] Built target arm_old_and_auxiliary_pkg_exe
