Symlinking /home/techsapienza/Robotic-Arm/rob_arm_ws/devel/lib/arm_old_and_auxiliary_pkg/arm_old_and_auxiliary_pkg_exe
Symlinking /home/techsapienza/Robotic-Arm/rob_arm_ws/devel/lib/arm_old_and_auxiliary_pkg/publisher_test_exe
Symlinking /home/techsapienza/Robotic-Arm/rob_arm_ws/devel/lib/arm_old_and_auxiliary_pkg/subscriber_test_exe
Symlinking /home/techsapienza/Robotic-Arm/rob_arm_ws/devel/lib/python3/dist-packages/arm_old_and_auxiliary_pkg/__init__.py
Symlinking /home/techsapienza/Robotic-Arm/rob_arm_ws/devel/lib/python3/dist-packages/arm_old_and_auxiliary_pkg/msg/_Float6Array.py
Symlinking /home/techsapienza/Robotic-Arm/rob_arm_ws/devel/lib/python3/dist-packages/arm_old_and_auxiliary_pkg/msg/__init__.py
Symlinking /home/techsapienza/Robotic-Arm/rob_arm_ws/devel/lib/pkgconfig/arm_old_and_auxiliary_pkg.pc
Symlinking /home/techsapienza/Robotic-Arm/rob_arm_ws/devel/share/gennodejs/ros/arm_old_and_auxiliary_pkg/_index.js
Symlinking /home/techsapienza/Robotic-Arm/rob_arm_ws/devel/share/gennodejs/ros/arm_old_and_auxiliary_pkg/msg/Float6Array.js
Symlinking /home/techsapienza/Robotic-Arm/rob_arm_ws/devel/share/gennodejs/ros/arm_old_and_auxiliary_pkg/msg/_index.js
Symlinking /home/techsapienza/Robotic-Arm/rob_arm_ws/devel/share/arm_old_and_auxiliary_pkg/cmake/arm_old_and_auxiliary_pkgConfig-version.cmake
Symlinking /home/techsapienza/Robotic-Arm/rob_arm_ws/devel/share/arm_old_and_auxiliary_pkg/cmake/arm_old_and_auxiliary_pkg-msg-extras.cmake
Symlinking /home/techsapienza/Robotic-Arm/rob_arm_ws/devel/share/arm_old_and_auxiliary_pkg/cmake/arm_old_and_auxiliary_pkg-msg-paths.cmake
Symlinking /home/techsapienza/Robotic-Arm/rob_arm_ws/devel/share/arm_old_and_auxiliary_pkg/cmake/arm_old_and_auxiliary_pkgConfig.cmake
Symlinking /home/techsapienza/Robotic-Arm/rob_arm_ws/devel/share/common-lisp/ros/arm_old_and_auxiliary_pkg/msg/_package.lisp
Symlinking /home/techsapienza/Robotic-Arm/rob_arm_ws/devel/share/common-lisp/ros/arm_old_and_auxiliary_pkg/msg/Float6Array.lisp
Symlinking /home/techsapienza/Robotic-Arm/rob_arm_ws/devel/share/common-lisp/ros/arm_old_and_auxiliary_pkg/msg/_package_Float6Array.lisp
Symlinking /home/techsapienza/Robotic-Arm/rob_arm_ws/devel/share/common-lisp/ros/arm_old_and_auxiliary_pkg/msg/arm_old_and_auxiliary_pkg-msg.asd
Symlinking /home/techsapienza/Robotic-Arm/rob_arm_ws/devel/share/roseus/ros/arm_old_and_auxiliary_pkg/manifest.l
Symlinking /home/techsapienza/Robotic-Arm/rob_arm_ws/devel/share/roseus/ros/arm_old_and_auxiliary_pkg/msg/Float6Array.l
Symlinking /home/techsapienza/Robotic-Arm/rob_arm_ws/devel/include/arm_old_and_auxiliary_pkg/Float6Array.h
