[01m[K/home/alessio/ROS/Robotic-Arm/rob_arm_ws/src/braccio_urdf_description/hardware_interface/src/new_hardware_interface_node.cpp:[m[K In function ‘[01m[Kint main(int, char**)[m[K’:
[01m[K/home/alessio/ROS/Robotic-Arm/rob_arm_ws/src/braccio_urdf_description/hardware_interface/src/new_hardware_interface_node.cpp:21:5:[m[K [01;31m[Kerror: [m[K‘[01m[Knon_realtime_loop_[m[K’ was not declared in this scope
   21 |     [01;31m[Knon_realtime_loop_[m[K = nh.createTimer(update_freq, &MyRobot::update, &robot);
      |     [01;31m[K^~~~~~~~~~~~~~~~~~[m[K
[01m[K/home/alessio/ROS/Robotic-Arm/rob_arm_ws/src/braccio_urdf_description/hardware_interface/src/new_hardware_interface.cpp:[m[K In member function ‘[01m[Kvoid ERA::MyRobot::update(const ros::TimerEvent&)[m[K’:
[01m[K/home/alessio/ROS/Robotic-Arm/rob_arm_ws/src/braccio_urdf_description/hardware_interface/src/new_hardware_interface.cpp:42:45:[m[K [01;31m[Kerror: [m[Kcannot convert ‘[01m[Kros::Duration[m[K’ to ‘[01m[Kdouble[m[K’ in initialization
   42 |                 double elapsed_time_ = ros::[01;31m[KDuration(e.current_real - e.last_real)[m[K;
      |                                             [01;31m[K^~~~~~~~~~~~~~~~~~~~~~~~~~~~~~~~~~~~~~[m[K
      |                                             [01;31m[K|[m[K
      |                                             [01;31m[Kros::Duration[m[K
[01m[K/home/alessio/ROS/Robotic-Arm/rob_arm_ws/src/braccio_urdf_description/hardware_interface/src/new_hardware_interface.cpp:51:52:[m[K [01;31m[Kerror: [m[Kcannot convert ‘[01m[Kdouble[m[K’ to ‘[01m[Kconst ros::Duration&[m[K’
   51 |                 this->cm->update(ros::Time::now(), [01;31m[Kelapsed_time_[m[K);
      |                                                    [01;31m[K^~~~~~~~~~~~~[m[K
      |                                                    [01;31m[K|[m[K
      |                                                    [01;31m[Kdouble[m[K
In file included from [01m[K/home/alessio/ROS/Robotic-Arm/rob_arm_ws/src/braccio_urdf_description/hardware_interface/src/new_hardware_interface.cpp:4[m[K:
[01m[K/opt/ros/noetic/include/controller_manager/controller_manager.h:92:59:[m[K [01;36m[Knote: [m[K  initializing argument 2 of ‘[01m[Kvoid controller_manager::ControllerManager::update(const ros::Time&, const ros::Duration&, bool)[m[K’
   92 |   void update(const ros::Time& time, [01;36m[Kconst ros::Duration& period[m[K, bool reset_controllers=false);
      |                                      [01;36m[K~~~~~~~~~~~~~~~~~~~~~^~~~~~[m[K
make[2]: *** [CMakeFiles/launch_hardware_interface.dir/build.make:76: CMakeFiles/launch_hardware_interface.dir/hardware_interface/src/new_hardware_interface_node.cpp.o] Error 1
make[2]: *** Waiting for unfinished jobs....
make[2]: *** [CMakeFiles/launch_hardware_interface.dir/build.make:63: CMakeFiles/launch_hardware_interface.dir/hardware_interface/src/new_hardware_interface.cpp.o] Error 1
make[1]: *** [CMakeFiles/Makefile2:439: CMakeFiles/launch_hardware_interface.dir/all] Error 2
make: *** [Makefile:141: all] Error 2
