/usr/bin/ld: CMakeFiles/braccio_urdf_description_2.dir/hardware_interface/src/new_hardware_interface_node.cpp.o: in function `main':
new_hardware_interface_node.cpp:(.text+0x99): undefined reference to `ros::init(int&, char**, std::__cxx11::basic_string<char, std::char_traits<char>, std::allocator<char> > const&, unsigned int)'
/usr/bin/ld: new_hardware_interface_node.cpp:(.text+0x12b): undefined reference to `ros::NodeHandle::NodeHandle(std::__cxx11::basic_string<char, std::char_traits<char>, std::allocator<char> > const&, std::map<std::__cxx11::basic_string<char, std::char_traits<char>, std::allocator<char> >, std::__cxx11::basic_string<char, std::char_traits<char>, std::allocator<char> >, std::less<std::__cxx11::basic_string<char, std::char_traits<char>, std::allocator<char> > >, std::allocator<std::pair<std::__cxx11::basic_string<char, std::char_traits<char>, std::allocator<char> > const, std::__cxx11::basic_string<char, std::char_traits<char>, std::allocator<char> > > > > const&)'
/usr/bin/ld: new_hardware_interface_node.cpp:(.text+0x15d): undefined reference to `ros::AsyncSpinner::AsyncSpinner(unsigned int)'
/usr/bin/ld: new_hardware_interface_node.cpp:(.text+0x16c): undefined reference to `ros::AsyncSpinner::start()'
/usr/bin/ld: new_hardware_interface_node.cpp:(.text+0x17b): undefined reference to `ERA::MyRobot::MyRobot()'
/usr/bin/ld: new_hardware_interface_node.cpp:(.text+0x19b): undefined reference to `controller_manager::ControllerManager::ControllerManager(hardware_interface::RobotHW*, ros::NodeHandle const&)'
/usr/bin/ld: new_hardware_interface_node.cpp:(.text+0x1b4): undefined reference to `ERA::MyRobot::setControlManager(controller_manager::ControllerManager*)'
/usr/bin/ld: new_hardware_interface_node.cpp:(.text+0x1d6): undefined reference to `ERA::MyRobot::update(ros::TimerEvent const&)'
/usr/bin/ld: new_hardware_interface_node.cpp:(.text+0x22b): undefined reference to `ros::spin()'
/usr/bin/ld: new_hardware_interface_node.cpp:(.text+0x23f): undefined reference to `ros::Timer::~Timer()'
/usr/bin/ld: new_hardware_interface_node.cpp:(.text+0x27b): undefined reference to `ros::NodeHandle::~NodeHandle()'
/usr/bin/ld: new_hardware_interface_node.cpp:(.text+0x314): undefined reference to `ros::Timer::~Timer()'
/usr/bin/ld: new_hardware_interface_node.cpp:(.text+0x374): undefined reference to `ros::NodeHandle::~NodeHandle()'
/usr/bin/ld: CMakeFiles/braccio_urdf_description_2.dir/hardware_interface/src/new_hardware_interface_node.cpp.o: in function `ros::Duration::Duration(double)':
new_hardware_interface_node.cpp:(.text._ZN3ros8DurationC2Ed[_ZN3ros8DurationC5Ed]+0x32): undefined reference to `ros::DurationBase<ros::Duration>::fromSec(double)'
/usr/bin/ld: CMakeFiles/braccio_urdf_description_2.dir/hardware_interface/src/new_hardware_interface_node.cpp.o: in function `hardware_interface::RobotHW::checkForConflict(std::__cxx11::list<hardware_interface::ControllerInfo, std::allocator<hardware_interface::ControllerInfo> > const&) const':
new_hardware_interface_node.cpp:(.text._ZNK18hardware_interface7RobotHW16checkForConflictERKNSt7__cxx114listINS_14ControllerInfoESaIS3_EEE[_ZNK18hardware_interface7RobotHW16checkForConflictERKNSt7__cxx114listINS_14ControllerInfoESaIS3_EEE]+0x361): undefined reference to `ros::console::g_initialized'
/usr/bin/ld: new_hardware_interface_node.cpp:(.text._ZNK18hardware_interface7RobotHW16checkForConflictERKNSt7__cxx114listINS_14ControllerInfoESaIS3_EEE[_ZNK18hardware_interface7RobotHW16checkForConflictERKNSt7__cxx114listINS_14ControllerInfoESaIS3_EEE]+0x371): undefined reference to `ros::console::initialize()'
/usr/bin/ld: new_hardware_interface_node.cpp:(.text._ZNK18hardware_interface7RobotHW16checkForConflictERKNSt7__cxx114listINS_14ControllerInfoESaIS3_EEE[_ZNK18hardware_interface7RobotHW16checkForConflictERKNSt7__cxx114listINS_14ControllerInfoESaIS3_EEE]+0x3c4): undefined reference to `ros::console::initializeLogLocation(ros::console::LogLocation*, std::__cxx11::basic_string<char, std::char_traits<char>, std::allocator<char> > const&, ros::console::levels::Level)'
/usr/bin/ld: new_hardware_interface_node.cpp:(.text._ZNK18hardware_interface7RobotHW16checkForConflictERKNSt7__cxx114listINS_14ControllerInfoESaIS3_EEE[_ZNK18hardware_interface7RobotHW16checkForConflictERKNSt7__cxx114listINS_14ControllerInfoESaIS3_EEE]+0x404): undefined reference to `ros::console::setLogLocationLevel(ros::console::LogLocation*, ros::console::levels::Level)'
/usr/bin/ld: new_hardware_interface_node.cpp:(.text._ZNK18hardware_interface7RobotHW16checkForConflictERKNSt7__cxx114listINS_14ControllerInfoESaIS3_EEE[_ZNK18hardware_interface7RobotHW16checkForConflictERKNSt7__cxx114listINS_14ControllerInfoESaIS3_EEE]+0x410): undefined reference to `ros::console::checkLogLocationEnabled(ros::console::LogLocation*)'
/usr/bin/ld: new_hardware_interface_node.cpp:(.text._ZNK18hardware_interface7RobotHW16checkForConflictERKNSt7__cxx114listINS_14ControllerInfoESaIS3_EEE[_ZNK18hardware_interface7RobotHW16checkForConflictERKNSt7__cxx114listINS_14ControllerInfoESaIS3_EEE]+0x48b): undefined reference to `ros::console::print(ros::console::FilterBase*, void*, ros::console::levels::Level, char const*, int, char const*, char const*, ...)'
/usr/bin/ld: CMakeFiles/braccio_urdf_description_2.dir/hardware_interface/src/new_hardware_interface_node.cpp.o: in function `ros::Timer ros::NodeHandle::createTimer<ERA::MyRobot>(ros::Duration, void (ERA::MyRobot::*)(ros::TimerEvent const&), ERA::MyRobot*, bool, bool) const':
new_hardware_interface_node.cpp:(.text._ZNK3ros10NodeHandle11createTimerIN3ERA7MyRobotEEENS_5TimerENS_8DurationEMT_FvRKNS_10TimerEventEEPS6_bb[_ZNK3ros10NodeHandle11createTimerIN3ERA7MyRobotEEENS_5TimerENS_8DurationEMT_FvRKNS_10TimerEventEEPS6_bb]+0xc3): undefined reference to `ros::NodeHandle::createTimer(ros::Duration, boost::function<void (ros::TimerEvent const&)> const&, bool, bool) const'
/usr/bin/ld: CMakeFiles/braccio_urdf_description_2.dir/hardware_interface/src/new_hardware_interface_node.cpp.o: in function `controller_manager::ControllerManager::~ControllerManager()':
new_hardware_interface_node.cpp:(.text._ZN18controller_manager17ControllerManagerD2Ev[_ZN18controller_manager17ControllerManagerD5Ev]+0x14): undefined reference to `vtable for controller_manager::ControllerManager'
/usr/bin/ld: new_hardware_interface_node.cpp:(.text._ZN18controller_manager17ControllerManagerD2Ev[_ZN18controller_manager17ControllerManagerD5Ev]+0x2d): undefined reference to `ros::ServiceServer::~ServiceServer()'
/usr/bin/ld: new_hardware_interface_node.cpp:(.text._ZN18controller_manager17ControllerManagerD2Ev[_ZN18controller_manager17ControllerManagerD5Ev]+0x3f): undefined reference to `ros::ServiceServer::~ServiceServer()'
/usr/bin/ld: new_hardware_interface_node.cpp:(.text._ZN18controller_manager17ControllerManagerD2Ev[_ZN18controller_manager17ControllerManagerD5Ev]+0x51): undefined reference to `ros::ServiceServer::~ServiceServer()'
/usr/bin/ld: new_hardware_interface_node.cpp:(.text._ZN18controller_manager17ControllerManagerD2Ev[_ZN18controller_manager17ControllerManagerD5Ev]+0x63): undefined reference to `ros::ServiceServer::~ServiceServer()'
/usr/bin/ld: new_hardware_interface_node.cpp:(.text._ZN18controller_manager17ControllerManagerD2Ev[_ZN18controller_manager17ControllerManagerD5Ev]+0x75): undefined reference to `ros::ServiceServer::~ServiceServer()'
/usr/bin/ld: CMakeFiles/braccio_urdf_description_2.dir/hardware_interface/src/new_hardware_interface_node.cpp.o:new_hardware_interface_node.cpp:(.text._ZN18controller_manager17ControllerManagerD2Ev[_ZN18controller_manager17ControllerManagerD5Ev]+0x87): more undefined references to `ros::ServiceServer::~ServiceServer()' follow
/usr/bin/ld: CMakeFiles/braccio_urdf_description_2.dir/hardware_interface/src/new_hardware_interface_node.cpp.o: in function `controller_manager::ControllerManager::~ControllerManager()':
new_hardware_interface_node.cpp:(.text._ZN18controller_manager17ControllerManagerD2Ev[_ZN18controller_manager17ControllerManagerD5Ev]+0x12d): undefined reference to `ros::NodeHandle::~NodeHandle()'
/usr/bin/ld: new_hardware_interface_node.cpp:(.text._ZN18controller_manager17ControllerManagerD2Ev[_ZN18controller_manager17ControllerManagerD5Ev]+0x13d): undefined reference to `ros::NodeHandle::~NodeHandle()'
collect2: error: ld returned 1 exit status
make[2]: *** [CMakeFiles/braccio_urdf_description_2.dir/build.make:84: /home/alessio/ROS/Robotic-Arm/rob_arm_ws/devel/.private/braccio_urdf_description/lib/braccio_urdf_description/braccio_urdf_description_2] Error 1
make[1]: *** [CMakeFiles/Makefile2:175: CMakeFiles/braccio_urdf_description_2.dir/all] Error 2
make: *** [Makefile:141: all] Error 2
