[01m[K/home/alessio/ROS/Robotic-Arm/rob_arm_ws/src/braccio_urdf_description/hardware_interface/new_hardware_interface_node.cpp:[m[K In function ‘[01m[Kint feedback_cb(const Float32MultiArray&)[m[K’:
[01m[K/home/alessio/ROS/Robotic-Arm/rob_arm_ws/src/braccio_urdf_description/hardware_interface/new_hardware_interface_node.cpp:99:12:[m[K [01;31m[Kerror: [m[Kcannot convert ‘[01m[Kconst Float32MultiArray[m[K’ {aka ‘[01m[Kconst std_msgs::Float32MultiArray_<std::allocator<void> >[m[K’} to ‘[01m[Kconst char*[m[K’
   99 |     printf([01;31m[Kmsg[m[K);
      |            [01;31m[K^~~[m[K
      |            [01;31m[K|[m[K
      |            [01;31m[Kconst Float32MultiArray {aka const std_msgs::Float32MultiArray_<std::allocator<void> >}[m[K
In file included from [01m[K/usr/include/c++/9/cstdio:42[m[K,
                 from [01m[K/usr/include/c++/9/ext/string_conversions.h:43[m[K,
                 from [01m[K/usr/include/c++/9/bits/basic_string.h:6496[m[K,
                 from [01m[K/usr/include/c++/9/string:55[m[K,
                 from [01m[K/opt/ros/noetic/include/hardware_interface/joint_command_interface.h:34[m[K,
                 from [01m[K/home/alessio/ROS/Robotic-Arm/rob_arm_ws/src/braccio_urdf_description/hardware_interface/new_hardware_interface_node.cpp:1[m[K:
[01m[K/usr/include/stdio.h:332:43:[m[K [01;36m[Knote: [m[K  initializing argument 1 of ‘[01m[Kint printf(const char*, ...)[m[K’
  332 | extern int printf ([01;36m[Kconst char *__restrict __format[m[K, ...);
      |                    [01;36m[K~~~~~~~~~~~~~~~~~~~~~~~^~~~~~~~[m[K
[01m[K/home/alessio/ROS/Robotic-Arm/rob_arm_ws/src/braccio_urdf_description/hardware_interface/new_hardware_interface_node.cpp:102:26:[m[K [01;31m[Kerror: [m[Kno match for ‘[01m[Koperator[][m[K’ (operand types are ‘[01m[Kconst Float32MultiArray[m[K’ {aka ‘[01m[Kconst std_msgs::Float32MultiArray_<std::allocator<void> >[m[K’} and ‘[01m[Kint[m[K’)
  102 |         pos_temp[i] = msg[01;31m[K[[m[Ki];
      |                          [01;31m[K^[m[K
[01m[K/home/alessio/ROS/Robotic-Arm/rob_arm_ws/src/braccio_urdf_description/hardware_interface/new_hardware_interface_node.cpp:104:1:[m[K [01;35m[Kwarning: [m[Kno return statement in function returning non-void [[01;35m[K-Wreturn-type[m[K]
  104 | [01;35m[K}[m[K
      | [01;35m[K^[m[K
[01m[K/home/alessio/ROS/Robotic-Arm/rob_arm_ws/src/braccio_urdf_description/hardware_interface/new_hardware_interface_node.cpp:[m[K In function ‘[01m[Kint main(int, char**)[m[K’:
[01m[K/home/alessio/ROS/Robotic-Arm/rob_arm_ws/src/braccio_urdf_description/hardware_interface/new_hardware_interface_node.cpp:122:78:[m[K [01;31m[Kerror: [m[Kno matching function for call to ‘[01m[Kros::NodeHandle::subscribe(const char [18], int, int (&)(const Float32MultiArray&))[m[K’
  122 |     ros::Subscriber sub = nh.subscribe("/arm_pos_feedback", 1000, feedback_cb[01;31m[K)[m[K;
      |                                                                              [01;31m[K^[m[K
In file included from [01m[K/opt/ros/noetic/include/hardware_interface/robot_hw.h:40[m[K,
                 from [01m[K/home/alessio/ROS/Robotic-Arm/rob_arm_ws/src/braccio_urdf_description/hardware_interface/new_hardware_interface_node.cpp:3[m[K:
[01m[K/opt/ros/noetic/include/ros/node_handle.h:402:14:[m[K [01;36m[Knote: [m[Kcandidate: ‘[01m[Ktemplate<class M, class T> ros::Subscriber ros::NodeHandle::subscribe(const string&, uint32_t, void (T::*)(M), T*, const ros::TransportHints&)[m[K’
  402 |   Subscriber [01;36m[Ksubscribe[m[K(const std::string& topic, uint32_t queue_size, void(T::*fp)(M), T* obj,
      |              [01;36m[K^~~~~~~~~[m[K
[01m[K/opt/ros/noetic/include/ros/node_handle.h:402:14:[m[K [01;36m[Knote: [m[K  template argument deduction/substitution failed:
[01m[K/home/alessio/ROS/Robotic-Arm/rob_arm_ws/src/braccio_urdf_description/hardware_interface/new_hardware_interface_node.cpp:122:78:[m[K [01;36m[Knote: [m[K  mismatched types ‘[01m[Kvoid (T::*)(M)[m[K’ and ‘[01m[Kint (*)(const Float32MultiArray&)[m[K’ {aka ‘[01m[Kint (*)(const std_msgs::Float32MultiArray_<std::allocator<void> >&)[m[K’}
  122 |     ros::Subscriber sub = nh.subscribe("/arm_pos_feedback", 1000, feedback_cb[01;36m[K)[m[K;
      |                                                                              [01;36m[K^[m[K
In file included from [01m[K/opt/ros/noetic/include/hardware_interface/robot_hw.h:40[m[K,
                 from [01m[K/home/alessio/ROS/Robotic-Arm/rob_arm_ws/src/braccio_urdf_description/hardware_interface/new_hardware_interface_node.cpp:3[m[K:
[01m[K/opt/ros/noetic/include/ros/node_handle.h:413:14:[m[K [01;36m[Knote: [m[Kcandidate: ‘[01m[Ktemplate<class M, class T> ros::Subscriber ros::NodeHandle::subscribe(const string&, uint32_t, void (T::*)(M) const, T*, const ros::TransportHints&)[m[K’
  413 |   Subscriber [01;36m[Ksubscribe[m[K(const std::string& topic, uint32_t queue_size, void(T::*fp)(M) const, T* obj,
      |              [01;36m[K^~~~~~~~~[m[K
[01m[K/opt/ros/noetic/include/ros/node_handle.h:413:14:[m[K [01;36m[Knote: [m[K  template argument deduction/substitution failed:
[01m[K/home/alessio/ROS/Robotic-Arm/rob_arm_ws/src/braccio_urdf_description/hardware_interface/new_hardware_interface_node.cpp:122:78:[m[K [01;36m[Knote: [m[K  mismatched types ‘[01m[Kvoid (T::*)(M) const[m[K’ and ‘[01m[Kint (*)(const Float32MultiArray&)[m[K’ {aka ‘[01m[Kint (*)(const std_msgs::Float32MultiArray_<std::allocator<void> >&)[m[K’}
  122 |     ros::Subscriber sub = nh.subscribe("/arm_pos_feedback", 1000, feedback_cb[01;36m[K)[m[K;
      |                                                                              [01;36m[K^[m[K
In file included from [01m[K/opt/ros/noetic/include/hardware_interface/robot_hw.h:40[m[K,
                 from [01m[K/home/alessio/ROS/Robotic-Arm/rob_arm_ws/src/braccio_urdf_description/hardware_interface/new_hardware_interface_node.cpp:3[m[K:
[01m[K/opt/ros/noetic/include/ros/node_handle.h:465:14:[m[K [01;36m[Knote: [m[Kcandidate: ‘[01m[Ktemplate<class M, class T> ros::Subscriber ros::NodeHandle::subscribe(const string&, uint32_t, void (T::*)(const boost::shared_ptr<const M>&), T*, const ros::TransportHints&)[m[K’
  465 |   Subscriber [01;36m[Ksubscribe[m[K(const std::string& topic, uint32_t queue_size,
      |              [01;36m[K^~~~~~~~~[m[K
[01m[K/opt/ros/noetic/include/ros/node_handle.h:465:14:[m[K [01;36m[Knote: [m[K  template argument deduction/substitution failed:
[01m[K/home/alessio/ROS/Robotic-Arm/rob_arm_ws/src/braccio_urdf_description/hardware_interface/new_hardware_interface_node.cpp:122:78:[m[K [01;36m[Knote: [m[K  mismatched types ‘[01m[Kvoid (T::*)(const boost::shared_ptr<const M>&)[m[K’ and ‘[01m[Kint (*)(const Float32MultiArray&)[m[K’ {aka ‘[01m[Kint (*)(const std_msgs::Float32MultiArray_<std::allocator<void> >&)[m[K’}
  122 |     ros::Subscriber sub = nh.subscribe("/arm_pos_feedback", 1000, feedback_cb[01;36m[K)[m[K;
      |                                                                              [01;36m[K^[m[K
In file included from [01m[K/opt/ros/noetic/include/hardware_interface/robot_hw.h:40[m[K,
                 from [01m[K/home/alessio/ROS/Robotic-Arm/rob_arm_ws/src/braccio_urdf_description/hardware_interface/new_hardware_interface_node.cpp:3[m[K:
[01m[K/opt/ros/noetic/include/ros/node_handle.h:475:14:[m[K [01;36m[Knote: [m[Kcandidate: ‘[01m[Ktemplate<class M, class T> ros::Subscriber ros::NodeHandle::subscribe(const string&, uint32_t, void (T::*)(const boost::shared_ptr<const M>&) const, T*, const ros::TransportHints&)[m[K’
  475 |   Subscriber [01;36m[Ksubscribe[m[K(const std::string& topic, uint32_t queue_size,
      |              [01;36m[K^~~~~~~~~[m[K
[01m[K/opt/ros/noetic/include/ros/node_handle.h:475:14:[m[K [01;36m[Knote: [m[K  template argument deduction/substitution failed:
[01m[K/home/alessio/ROS/Robotic-Arm/rob_arm_ws/src/braccio_urdf_description/hardware_interface/new_hardware_interface_node.cpp:122:78:[m[K [01;36m[Knote: [m[K  mismatched types ‘[01m[Kvoid (T::*)(const boost::shared_ptr<const M>&) const[m[K’ and ‘[01m[Kint (*)(const Float32MultiArray&)[m[K’ {aka ‘[01m[Kint (*)(const std_msgs::Float32MultiArray_<std::allocator<void> >&)[m[K’}
  122 |     ros::Subscriber sub = nh.subscribe("/arm_pos_feedback", 1000, feedback_cb[01;36m[K)[m[K;
      |                                                                              [01;36m[K^[m[K
In file included from [01m[K/opt/ros/noetic/include/hardware_interface/robot_hw.h:40[m[K,
                 from [01m[K/home/alessio/ROS/Robotic-Arm/rob_arm_ws/src/braccio_urdf_description/hardware_interface/new_hardware_interface_node.cpp:3[m[K:
[01m[K/opt/ros/noetic/include/ros/node_handle.h:529:14:[m[K [01;36m[Knote: [m[Kcandidate: ‘[01m[Ktemplate<class M, class T> ros::Subscriber ros::NodeHandle::subscribe(const string&, uint32_t, void (T::*)(M), const boost::shared_ptr<U>&, const ros::TransportHints&)[m[K’
  529 |   Subscriber [01;36m[Ksubscribe[m[K(const std::string& topic, uint32_t queue_size, void(T::*fp)(M),
      |              [01;36m[K^~~~~~~~~[m[K
[01m[K/opt/ros/noetic/include/ros/node_handle.h:529:14:[m[K [01;36m[Knote: [m[K  template argument deduction/substitution failed:
[01m[K/home/alessio/ROS/Robotic-Arm/rob_arm_ws/src/braccio_urdf_description/hardware_interface/new_hardware_interface_node.cpp:122:78:[m[K [01;36m[Knote: [m[K  mismatched types ‘[01m[Kvoid (T::*)(M)[m[K’ and ‘[01m[Kint (*)(const Float32MultiArray&)[m[K’ {aka ‘[01m[Kint (*)(const std_msgs::Float32MultiArray_<std::allocator<void> >&)[m[K’}
  122 |     ros::Subscriber sub = nh.subscribe("/arm_pos_feedback", 1000, feedback_cb[01;36m[K)[m[K;
      |                                                                              [01;36m[K^[m[K
In file included from [01m[K/opt/ros/noetic/include/hardware_interface/robot_hw.h:40[m[K,
                 from [01m[K/home/alessio/ROS/Robotic-Arm/rob_arm_ws/src/braccio_urdf_description/hardware_interface/new_hardware_interface_node.cpp:3[m[K:
[01m[K/opt/ros/noetic/include/ros/node_handle.h:540:14:[m[K [01;36m[Knote: [m[Kcandidate: ‘[01m[Ktemplate<class M, class T> ros::Subscriber ros::NodeHandle::subscribe(const string&, uint32_t, void (T::*)(M) const, const boost::shared_ptr<U>&, const ros::TransportHints&)[m[K’
  540 |   Subscriber [01;36m[Ksubscribe[m[K(const std::string& topic, uint32_t queue_size, void(T::*fp)(M) const,
      |              [01;36m[K^~~~~~~~~[m[K
[01m[K/opt/ros/noetic/include/ros/node_handle.h:540:14:[m[K [01;36m[Knote: [m[K  template argument deduction/substitution failed:
[01m[K/home/alessio/ROS/Robotic-Arm/rob_arm_ws/src/braccio_urdf_description/hardware_interface/new_hardware_interface_node.cpp:122:78:[m[K [01;36m[Knote: [m[K  mismatched types ‘[01m[Kvoid (T::*)(M) const[m[K’ and ‘[01m[Kint (*)(const Float32MultiArray&)[m[K’ {aka ‘[01m[Kint (*)(const std_msgs::Float32MultiArray_<std::allocator<void> >&)[m[K’}
  122 |     ros::Subscriber sub = nh.subscribe("/arm_pos_feedback", 1000, feedback_cb[01;36m[K)[m[K;
      |                                                                              [01;36m[K^[m[K
In file included from [01m[K/opt/ros/noetic/include/hardware_interface/robot_hw.h:40[m[K,
                 from [01m[K/home/alessio/ROS/Robotic-Arm/rob_arm_ws/src/braccio_urdf_description/hardware_interface/new_hardware_interface_node.cpp:3[m[K:
[01m[K/opt/ros/noetic/include/ros/node_handle.h:594:14:[m[K [01;36m[Knote: [m[Kcandidate: ‘[01m[Ktemplate<class M, class T> ros::Subscriber ros::NodeHandle::subscribe(const string&, uint32_t, void (T::*)(const boost::shared_ptr<const M>&), const boost::shared_ptr<U>&, const ros::TransportHints&)[m[K’
  594 |   Subscriber [01;36m[Ksubscribe[m[K(const std::string& topic, uint32_t queue_size,
      |              [01;36m[K^~~~~~~~~[m[K
[01m[K/opt/ros/noetic/include/ros/node_handle.h:594:14:[m[K [01;36m[Knote: [m[K  template argument deduction/substitution failed:
[01m[K/home/alessio/ROS/Robotic-Arm/rob_arm_ws/src/braccio_urdf_description/hardware_interface/new_hardware_interface_node.cpp:122:78:[m[K [01;36m[Knote: [m[K  mismatched types ‘[01m[Kvoid (T::*)(const boost::shared_ptr<const M>&)[m[K’ and ‘[01m[Kint (*)(const Float32MultiArray&)[m[K’ {aka ‘[01m[Kint (*)(const std_msgs::Float32MultiArray_<std::allocator<void> >&)[m[K’}
  122 |     ros::Subscriber sub = nh.subscribe("/arm_pos_feedback", 1000, feedback_cb[01;36m[K)[m[K;
      |                                                                              [01;36m[K^[m[K
In file included from [01m[K/opt/ros/noetic/include/hardware_interface/robot_hw.h:40[m[K,
                 from [01m[K/home/alessio/ROS/Robotic-Arm/rob_arm_ws/src/braccio_urdf_description/hardware_interface/new_hardware_interface_node.cpp:3[m[K:
[01m[K/opt/ros/noetic/include/ros/node_handle.h:605:14:[m[K [01;36m[Knote: [m[Kcandidate: ‘[01m[Ktemplate<class M, class T> ros::Subscriber ros::NodeHandle::subscribe(const string&, uint32_t, void (T::*)(const boost::shared_ptr<const M>&) const, const boost::shared_ptr<U>&, const ros::TransportHints&)[m[K’
  605 |   Subscriber [01;36m[Ksubscribe[m[K(const std::string& topic, uint32_t queue_size,
      |              [01;36m[K^~~~~~~~~[m[K
[01m[K/opt/ros/noetic/include/ros/node_handle.h:605:14:[m[K [01;36m[Knote: [m[K  template argument deduction/substitution failed:
[01m[K/home/alessio/ROS/Robotic-Arm/rob_arm_ws/src/braccio_urdf_description/hardware_interface/new_hardware_interface_node.cpp:122:78:[m[K [01;36m[Knote: [m[K  mismatched types ‘[01m[Kvoid (T::*)(const boost::shared_ptr<const M>&) const[m[K’ and ‘[01m[Kint (*)(const Float32MultiArray&)[m[K’ {aka ‘[01m[Kint (*)(const std_msgs::Float32MultiArray_<std::allocator<void> >&)[m[K’}
  122 |     ros::Subscriber sub = nh.subscribe("/arm_pos_feedback", 1000, feedback_cb[01;36m[K)[m[K;
      |                                                                              [01;36m[K^[m[K
In file included from [01m[K/opt/ros/noetic/include/hardware_interface/robot_hw.h:40[m[K,
                 from [01m[K/home/alessio/ROS/Robotic-Arm/rob_arm_ws/src/braccio_urdf_description/hardware_interface/new_hardware_interface_node.cpp:3[m[K:
[01m[K/opt/ros/noetic/include/ros/node_handle.h:656:14:[m[K [01;36m[Knote: [m[Kcandidate: ‘[01m[Ktemplate<class M> ros::Subscriber ros::NodeHandle::subscribe(const string&, uint32_t, void (*)(M), const ros::TransportHints&)[m[K’
  656 |   Subscriber [01;36m[Ksubscribe[m[K(const std::string& topic, uint32_t queue_size, void(*fp)(M), const TransportHints& transport_hints = TransportHints())
      |              [01;36m[K^~~~~~~~~[m[K
[01m[K/opt/ros/noetic/include/ros/node_handle.h:656:14:[m[K [01;36m[Knote: [m[K  template argument deduction/substitution failed:
[01m[K/home/alessio/ROS/Robotic-Arm/rob_arm_ws/src/braccio_urdf_description/hardware_interface/new_hardware_interface_node.cpp:122:78:[m[K [01;36m[Knote: [m[K  mismatched types ‘[01m[Kvoid[m[K’ and ‘[01m[Kint[m[K’
  122 |     ros::Subscriber sub = nh.subscribe("/arm_pos_feedback", 1000, feedback_cb[01;36m[K)[m[K;
      |                                                                              [01;36m[K^[m[K
In file included from [01m[K/opt/ros/noetic/include/hardware_interface/robot_hw.h:40[m[K,
                 from [01m[K/home/alessio/ROS/Robotic-Arm/rob_arm_ws/src/braccio_urdf_description/hardware_interface/new_hardware_interface_node.cpp:3[m[K:
[01m[K/opt/ros/noetic/include/ros/node_handle.h:704:14:[m[K [01;36m[Knote: [m[Kcandidate: ‘[01m[Ktemplate<class M> ros::Subscriber ros::NodeHandle::subscribe(const string&, uint32_t, void (*)(const boost::shared_ptr<const M>&), const ros::TransportHints&)[m[K’
  704 |   Subscriber [01;36m[Ksubscribe[m[K(const std::string& topic, uint32_t queue_size, void(*fp)(const boost::shared_ptr<M const>&), const TransportHints& transport_hints = TransportHints())
      |              [01;36m[K^~~~~~~~~[m[K
[01m[K/opt/ros/noetic/include/ros/node_handle.h:704:14:[m[K [01;36m[Knote: [m[K  template argument deduction/substitution failed:
[01m[K/home/alessio/ROS/Robotic-Arm/rob_arm_ws/src/braccio_urdf_description/hardware_interface/new_hardware_interface_node.cpp:122:78:[m[K [01;36m[Knote: [m[K  mismatched types ‘[01m[Kvoid[m[K’ and ‘[01m[Kint[m[K’
  122 |     ros::Subscriber sub = nh.subscribe("/arm_pos_feedback", 1000, feedback_cb[01;36m[K)[m[K;
      |                                                                              [01;36m[K^[m[K
In file included from [01m[K/opt/ros/noetic/include/hardware_interface/robot_hw.h:40[m[K,
                 from [01m[K/home/alessio/ROS/Robotic-Arm/rob_arm_ws/src/braccio_urdf_description/hardware_interface/new_hardware_interface_node.cpp:3[m[K:
[01m[K/opt/ros/noetic/include/ros/node_handle.h:750:14:[m[K [01;36m[Knote: [m[Kcandidate: ‘[01m[Ktemplate<class M> ros::Subscriber ros::NodeHandle::subscribe(const string&, uint32_t, const boost::function<void(const boost::shared_ptr<const M>&)>&, const VoidConstPtr&, const ros::TransportHints&)[m[K’
  750 |   Subscriber [01;36m[Ksubscribe[m[K(const std::string& topic, uint32_t queue_size, const boost::function<void (const boost::shared_ptr<M const>&)>& callback,
      |              [01;36m[K^~~~~~~~~[m[K
[01m[K/opt/ros/noetic/include/ros/node_handle.h:750:14:[m[K [01;36m[Knote: [m[K  template argument deduction/substitution failed:
[01m[K/home/alessio/ROS/Robotic-Arm/rob_arm_ws/src/braccio_urdf_description/hardware_interface/new_hardware_interface_node.cpp:122:78:[m[K [01;36m[Knote: [m[K  mismatched types ‘[01m[Kconst boost::function<void(const boost::shared_ptr<const M>&)>[m[K’ and ‘[01m[Kint(const Float32MultiArray&)[m[K’ {aka ‘[01m[Kint(const std_msgs::Float32MultiArray_<std::allocator<void> >&)[m[K’}
  122 |     ros::Subscriber sub = nh.subscribe("/arm_pos_feedback", 1000, feedback_cb[01;36m[K)[m[K;
      |                                                                              [01;36m[K^[m[K
In file included from [01m[K/opt/ros/noetic/include/hardware_interface/robot_hw.h:40[m[K,
                 from [01m[K/home/alessio/ROS/Robotic-Arm/rob_arm_ws/src/braccio_urdf_description/hardware_interface/new_hardware_interface_node.cpp:3[m[K:
[01m[K/opt/ros/noetic/include/ros/node_handle.h:799:14:[m[K [01;36m[Knote: [m[Kcandidate: ‘[01m[Ktemplate<class M, class C> ros::Subscriber ros::NodeHandle::subscribe(const string&, uint32_t, const boost::function<void(C)>&, const VoidConstPtr&, const ros::TransportHints&)[m[K’
  799 |   Subscriber [01;36m[Ksubscribe[m[K(const std::string& topic, uint32_t queue_size, const boost::function<void (C)>& callback,
      |              [01;36m[K^~~~~~~~~[m[K
[01m[K/opt/ros/noetic/include/ros/node_handle.h:799:14:[m[K [01;36m[Knote: [m[K  template argument deduction/substitution failed:
[01m[K/home/alessio/ROS/Robotic-Arm/rob_arm_ws/src/braccio_urdf_description/hardware_interface/new_hardware_interface_node.cpp:122:78:[m[K [01;36m[Knote: [m[K  mismatched types ‘[01m[Kconst boost::function<void(C)>[m[K’ and ‘[01m[Kint(const Float32MultiArray&)[m[K’ {aka ‘[01m[Kint(const std_msgs::Float32MultiArray_<std::allocator<void> >&)[m[K’}
  122 |     ros::Subscriber sub = nh.subscribe("/arm_pos_feedback", 1000, feedback_cb[01;36m[K)[m[K;
      |                                                                              [01;36m[K^[m[K
In file included from [01m[K/opt/ros/noetic/include/hardware_interface/robot_hw.h:40[m[K,
                 from [01m[K/home/alessio/ROS/Robotic-Arm/rob_arm_ws/src/braccio_urdf_description/hardware_interface/new_hardware_interface_node.cpp:3[m[K:
[01m[K/opt/ros/noetic/include/ros/node_handle.h:836:14:[m[K [01;36m[Knote: [m[Kcandidate: ‘[01m[Kros::Subscriber ros::NodeHandle::subscribe(ros::SubscribeOptions&)[m[K’
  836 |   Subscriber [01;36m[Ksubscribe[m[K(SubscribeOptions& ops);
      |              [01;36m[K^~~~~~~~~[m[K
[01m[K/opt/ros/noetic/include/ros/node_handle.h:836:14:[m[K [01;36m[Knote: [m[K  candidate expects 1 argument, 3 provided
make[2]: *** [CMakeFiles/braccio_urdf_description_exe.dir/build.make:63: CMakeFiles/braccio_urdf_description_exe.dir/hardware_interface/new_hardware_interface_node.cpp.o] Error 1
make[1]: *** [CMakeFiles/Makefile2:343: CMakeFiles/braccio_urdf_description_exe.dir/all] Error 2
make: *** [Makefile:141: all] Error 2
