Symlinking /home/toto/Documents/SASA/SASA/Robotic-Arm/rob_arm_ws/devel/include/braccio_urdf_description/Float6Array.h
Symlinking /home/toto/Documents/SASA/SASA/Robotic-Arm/rob_arm_ws/devel/lib/python3/dist-packages/braccio_urdf_description/__init__.py
Symlinking /home/toto/Documents/SASA/SASA/Robotic-Arm/rob_arm_ws/devel/lib/python3/dist-packages/braccio_urdf_description/msg/__init__.py
Symlinking /home/toto/Documents/SASA/SASA/Robotic-Arm/rob_arm_ws/devel/lib/python3/dist-packages/braccio_urdf_description/msg/_Float6Array.py
Symlinking /home/toto/Documents/SASA/SASA/Robotic-Arm/rob_arm_ws/devel/lib/braccio_urdf_description/braccio_urdf_description_exe
Symlinking /home/toto/Documents/SASA/SASA/Robotic-Arm/rob_arm_ws/devel/lib/braccio_urdf_description/subscriber_test_exe
Symlinking /home/toto/Documents/SASA/SASA/Robotic-Arm/rob_arm_ws/devel/lib/braccio_urdf_description/publisher_test_exe
Symlinking /home/toto/Documents/SASA/SASA/Robotic-Arm/rob_arm_ws/devel/lib/pkgconfig/braccio_urdf_description.pc
Symlinking /home/toto/Documents/SASA/SASA/Robotic-Arm/rob_arm_ws/devel/share/braccio_urdf_description/cmake/braccio_urdf_description-msg-extras.cmake
Symlinking /home/toto/Documents/SASA/SASA/Robotic-Arm/rob_arm_ws/devel/share/braccio_urdf_description/cmake/braccio_urdf_description-msg-paths.cmake
Symlinking /home/toto/Documents/SASA/SASA/Robotic-Arm/rob_arm_ws/devel/share/braccio_urdf_description/cmake/braccio_urdf_descriptionConfig-version.cmake
Symlinking /home/toto/Documents/SASA/SASA/Robotic-Arm/rob_arm_ws/devel/share/braccio_urdf_description/cmake/braccio_urdf_descriptionConfig.cmake
Symlinking /home/toto/Documents/SASA/SASA/Robotic-Arm/rob_arm_ws/devel/share/roseus/ros/braccio_urdf_description/manifest.l
Symlinking /home/toto/Documents/SASA/SASA/Robotic-Arm/rob_arm_ws/devel/share/roseus/ros/braccio_urdf_description/msg/Float6Array.l
Symlinking /home/toto/Documents/SASA/SASA/Robotic-Arm/rob_arm_ws/devel/share/common-lisp/ros/braccio_urdf_description/msg/braccio_urdf_description-msg.asd
Symlinking /home/toto/Documents/SASA/SASA/Robotic-Arm/rob_arm_ws/devel/share/common-lisp/ros/braccio_urdf_description/msg/_package.lisp
Symlinking /home/toto/Documents/SASA/SASA/Robotic-Arm/rob_arm_ws/devel/share/common-lisp/ros/braccio_urdf_description/msg/_package_Float6Array.lisp
Symlinking /home/toto/Documents/SASA/SASA/Robotic-Arm/rob_arm_ws/devel/share/common-lisp/ros/braccio_urdf_description/msg/Float6Array.lisp
Symlinking /home/toto/Documents/SASA/SASA/Robotic-Arm/rob_arm_ws/devel/share/gennodejs/ros/braccio_urdf_description/_index.js
Symlinking /home/toto/Documents/SASA/SASA/Robotic-Arm/rob_arm_ws/devel/share/gennodejs/ros/braccio_urdf_description/msg/_index.js
Symlinking /home/toto/Documents/SASA/SASA/Robotic-Arm/rob_arm_ws/devel/share/gennodejs/ros/braccio_urdf_description/msg/Float6Array.js
