[01m[K/home/alessio/ROS/Robotic-Arm/rob_arm_ws/src/braccio_urdf_description/hardware_interface/src/new_hardware_interface.cpp:39:57:[m[K [01;31m[Kerror: [m[K‘[01m[Kcontroller_manager[m[K’ does not name a type
   39 |             void update(const ros::TimerEvent& e, const [01;31m[Kcontroller_manager[m[K::ControllerManager& cm) {
      |                                                         [01;31m[K^~~~~~~~~~~~~~~~~~[m[K
[01m[K/home/alessio/ROS/Robotic-Arm/rob_arm_ws/src/braccio_urdf_description/hardware_interface/src/new_hardware_interface.cpp:39:94:[m[K [01;31m[Kerror: [m[Kexpected unqualified-id before ‘[01m[K&[m[K’ token
   39 |             void update(const ros::TimerEvent& e, const controller_manager::ControllerManager[01;31m[K&[m[K cm) {
      |                                                                                              [01;31m[K^[m[K
[01m[K/home/alessio/ROS/Robotic-Arm/rob_arm_ws/src/braccio_urdf_description/hardware_interface/src/new_hardware_interface.cpp:39:94:[m[K [01;31m[Kerror: [m[Kexpected ‘[01m[K)[m[K’ before ‘[01m[K&[m[K’ token
   39 |             void update[34m[K([m[Kconst ros::TimerEvent& e, const controller_manager::ControllerManager[01;31m[K&[m[K cm) {
      |                        [34m[K~[m[K                                                                     [01;31m[K^[m[K
      |                                                                                              [32m[K)[m[K
[01m[K/home/alessio/ROS/Robotic-Arm/rob_arm_ws/src/braccio_urdf_description/hardware_interface/src/new_hardware_interface.cpp:39:94:[m[K [01;31m[Kerror: [m[Kexpected ‘[01m[K;[m[K’ at end of member declaration
   39 |             void update(const ros::TimerEvent& e, const controller_manager::ControllerManager[01;31m[K&[m[K cm) {
      |                                                                                              [01;31m[K^[m[K
      |                                                                                               [32m[K;[m[K
[01m[K/home/alessio/ROS/Robotic-Arm/rob_arm_ws/src/braccio_urdf_description/hardware_interface/src/new_hardware_interface.cpp:39:96:[m[K [01;31m[Kerror: [m[K‘[01m[Kcm[m[K’ does not name a type; did you mean ‘[01m[Ktm[m[K’?
   39 |             void update(const ros::TimerEvent& e, const controller_manager::ControllerManager& [01;31m[Kcm[m[K) {
      |                                                                                                [01;31m[K^~[m[K
      |                                                                                                [32m[Ktm[m[K
[01m[K/home/alessio/ROS/Robotic-Arm/rob_arm_ws/src/braccio_urdf_description/hardware_interface/src/new_hardware_interface.cpp:65:36:[m[K [01;31m[Kerror: [m[K‘[01m[Kcontroller_manager[m[K’ has not been declared
   65 |             void setControlManager([01;31m[Kcontroller_manager[m[K::ControllerManager* cm) {
      |                                    [01;31m[K^~~~~~~~~~~~~~~~~~[m[K
[01m[K/home/alessio/ROS/Robotic-Arm/rob_arm_ws/src/braccio_urdf_description/hardware_interface/src/new_hardware_interface.cpp:65:73:[m[K [01;31m[Kerror: [m[Kexpected ‘[01m[K,[m[K’ or ‘[01m[K...[m[K’ before ‘[01m[K*[m[K’ token
   65 |             void setControlManager(controller_manager::ControllerManager[01;31m[K*[m[K cm) {
      |                                                                         [01;31m[K^[m[K
[01m[K/home/alessio/ROS/Robotic-Arm/rob_arm_ws/src/braccio_urdf_description/hardware_interface/src/new_hardware_interface.cpp:[m[K In member function ‘[01m[Kvoid ERA::MyRobot::setControlManager(int)[m[K’:
[01m[K/home/alessio/ROS/Robotic-Arm/rob_arm_ws/src/braccio_urdf_description/hardware_interface/src/new_hardware_interface.cpp:66:22:[m[K [01;31m[Kerror: [m[Krequest for member ‘[01m[Kcm[m[K’ in ‘[01m[K(ERA::MyRobot*)this[m[K’, which is of pointer type ‘[01m[KERA::MyRobot*[m[K’ (maybe you meant to use ‘[01m[K->[m[K’ ?)
   66 |                 this.[01;31m[Kcm[m[K = cm;
      |                      [01;31m[K^~[m[K
[01m[K/home/alessio/ROS/Robotic-Arm/rob_arm_ws/src/braccio_urdf_description/hardware_interface/src/new_hardware_interface.cpp:66:27:[m[K [01;31m[Kerror: [m[K‘[01m[Kcm[m[K’ was not declared in this scope; did you mean ‘[01m[Kcmd[m[K’?
   66 |                 this.cm = [01;31m[Kcm[m[K;
      |                           [01;31m[K^~[m[K
      |                           [32m[Kcmd[m[K
make[2]: *** [CMakeFiles/launch_hardware_interface.dir/build.make:63: CMakeFiles/launch_hardware_interface.dir/hardware_interface/src/new_hardware_interface.cpp.o] Error 1
make[2]: *** Waiting for unfinished jobs....
In file included from [01m[K/home/alessio/ROS/Robotic-Arm/rob_arm_ws/src/braccio_urdf_description/hardware_interface/src/new_hardware_interface_node.cpp:6[m[K:
[01m[K/home/alessio/ROS/Robotic-Arm/rob_arm_ws/src/braccio_urdf_description/hardware_interface/src/../include/new_hardware_interface.h:8:1:[m[K [01;31m[Kerror: [m[Kexpected ‘[01m[K{[m[K’ before ‘[01m[Kclass[m[K’
    8 | [01;31m[Kclass[m[K MyRobot : public hardware_interface::RobotHW {
      | [01;31m[K^~~~~[m[K
[01m[K/home/alessio/ROS/Robotic-Arm/rob_arm_ws/src/braccio_urdf_description/hardware_interface/src/../include/new_hardware_interface.h:25:2:[m[K [01;31m[Kerror: [m[Kexpected ‘[01m[K;[m[K’ after class definition
   25 | }
      |  [01;31m[K^[m[K
      |  [32m[K;[m[K
[01m[K/home/alessio/ROS/Robotic-Arm/rob_arm_ws/src/braccio_urdf_description/hardware_interface/src/new_hardware_interface_node.cpp:[m[K In function ‘[01m[Kint main(int, char**)[m[K’:
[01m[K/home/alessio/ROS/Robotic-Arm/rob_arm_ws/src/braccio_urdf_description/hardware_interface/src/new_hardware_interface_node.cpp:21:5:[m[K [01;31m[Kerror: [m[K‘[01m[Knon_realtime_loop_[m[K’ was not declared in this scope
   21 |     [01;31m[Knon_realtime_loop_[m[K = nh.createTimer(update_freq, &MyRobot::update, &robot);
      |     [01;31m[K^~~~~~~~~~~~~~~~~~[m[K
make[2]: *** [CMakeFiles/launch_hardware_interface.dir/build.make:76: CMakeFiles/launch_hardware_interface.dir/hardware_interface/src/new_hardware_interface_node.cpp.o] Error 1
make[1]: *** [CMakeFiles/Makefile2:439: CMakeFiles/launch_hardware_interface.dir/all] Error 2
make: *** [Makefile:141: all] Error 2
