[01m[K/home/alessio/ROS/Robotic-Arm/rob_arm_ws/src/braccio_urdf_description/hardware_interface/src/new_hardware_interface.cpp:39:57:[m[K [01;31m[Kerror: [m[K‘[01m[Kcontroller_manager[m[K’ does not name a type
   39 |             void update(const ros::TimerEvent& e, const [01;31m[Kcontroller_manager[m[K::ControllerManager& cm) {
      |                                                         [01;31m[K^~~~~~~~~~~~~~~~~~[m[K
[01m[K/home/alessio/ROS/Robotic-Arm/rob_arm_ws/src/braccio_urdf_description/hardware_interface/src/new_hardware_interface.cpp:39:94:[m[K [01;31m[Kerror: [m[Kexpected unqualified-id before ‘[01m[K&[m[K’ token
   39 |             void update(const ros::TimerEvent& e, const controller_manager::ControllerManager[01;31m[K&[m[K cm) {
      |                                                                                              [01;31m[K^[m[K
[01m[K/home/alessio/ROS/Robotic-Arm/rob_arm_ws/src/braccio_urdf_description/hardware_interface/src/new_hardware_interface.cpp:39:94:[m[K [01;31m[Kerror: [m[Kexpected ‘[01m[K)[m[K’ before ‘[01m[K&[m[K’ token
   39 |             void update[34m[K([m[Kconst ros::TimerEvent& e, const controller_manager::ControllerManager[01;31m[K&[m[K cm) {
      |                        [34m[K~[m[K                                                                     [01;31m[K^[m[K
      |                                                                                              [32m[K)[m[K
[01m[K/home/alessio/ROS/Robotic-Arm/rob_arm_ws/src/braccio_urdf_description/hardware_interface/src/new_hardware_interface.cpp:39:94:[m[K [01;31m[Kerror: [m[Kexpected ‘[01m[K;[m[K’ at end of member declaration
   39 |             void update(const ros::TimerEvent& e, const controller_manager::ControllerManager[01;31m[K&[m[K cm) {
      |                                                                                              [01;31m[K^[m[K
      |                                                                                               [32m[K;[m[K
[01m[K/home/alessio/ROS/Robotic-Arm/rob_arm_ws/src/braccio_urdf_description/hardware_interface/src/new_hardware_interface.cpp:39:96:[m[K [01;31m[Kerror: [m[K‘[01m[Kcm[m[K’ does not name a type; did you mean ‘[01m[Ktm[m[K’?
   39 |             void update(const ros::TimerEvent& e, const controller_manager::ControllerManager& [01;31m[Kcm[m[K) {
      |                                                                                                [01;31m[K^~[m[K
      |                                                                                                [32m[Ktm[m[K
make[2]: *** [CMakeFiles/launch_hardware_interface.dir/build.make:63: CMakeFiles/launch_hardware_interface.dir/hardware_interface/src/new_hardware_interface.cpp.o] Error 1
make[2]: *** Waiting for unfinished jobs....
In file included from [01m[K/home/alessio/ROS/Robotic-Arm/rob_arm_ws/src/braccio_urdf_description/hardware_interface/src/new_hardware_interface_node.cpp:6[m[K:
[01m[K/home/alessio/ROS/Robotic-Arm/rob_arm_ws/src/braccio_urdf_description/hardware_interface/src/../include/new_hardware_interface.h:7:1:[m[K [01;31m[Kerror: [m[Kexpected ‘[01m[K{[m[K’ before ‘[01m[Kclass[m[K’
    7 | [01;31m[Kclass[m[K MyRobot : public hardware_interface::RobotHW {
      | [01;31m[K^~~~~[m[K
[01m[K/home/alessio/ROS/Robotic-Arm/rob_arm_ws/src/braccio_urdf_description/hardware_interface/src/../include/new_hardware_interface.h:22:2:[m[K [01;31m[Kerror: [m[Kexpected ‘[01m[K;[m[K’ after class definition
   22 | }
      |  [01;31m[K^[m[K
      |  [32m[K;[m[K
[01m[K/home/alessio/ROS/Robotic-Arm/rob_arm_ws/src/braccio_urdf_description/hardware_interface/src/new_hardware_interface_node.cpp:[m[K In function ‘[01m[Kint main(int, char**)[m[K’:
[01m[K/home/alessio/ROS/Robotic-Arm/rob_arm_ws/src/braccio_urdf_description/hardware_interface/src/new_hardware_interface_node.cpp:20:5:[m[K [01;31m[Kerror: [m[K‘[01m[Knon_realtime_loop_[m[K’ was not declared in this scope
   20 |     [01;31m[Knon_realtime_loop_[m[K = nh.createTimer(update_freq, &MyRobot::update(cm), &robot);
      |     [01;31m[K^~~~~~~~~~~~~~~~~~[m[K
[01m[K/home/alessio/ROS/Robotic-Arm/rob_arm_ws/src/braccio_urdf_description/hardware_interface/src/new_hardware_interface_node.cpp:20:71:[m[K [01;31m[Kerror: [m[Kcannot convert ‘[01m[Kcontroller_manager::ControllerManager[m[K’ to ‘[01m[Kconst ros::TimerEvent&[m[K’
   20 |     non_realtime_loop_ = nh.createTimer(update_freq, &MyRobot::update([01;31m[Kcm[m[K), &robot);
      |                                                                       [01;31m[K^~[m[K
      |                                                                       [01;31m[K|[m[K
      |                                                                       [01;31m[Kcontroller_manager::ControllerManager[m[K
In file included from [01m[K/home/alessio/ROS/Robotic-Arm/rob_arm_ws/src/braccio_urdf_description/hardware_interface/src/new_hardware_interface_node.cpp:6[m[K:
[01m[K/home/alessio/ROS/Robotic-Arm/rob_arm_ws/src/braccio_urdf_description/hardware_interface/src/../include/new_hardware_interface.h:10:44:[m[K [01;36m[Knote: [m[K  initializing argument 1 of ‘[01m[Kvoid MyRobot::update(const ros::TimerEvent&)[m[K’
   10 |         void update([01;36m[Kconst ros::TimerEvent& e[m[K);
      |                     [01;36m[K~~~~~~~~~~~~~~~~~~~~~~~^[m[K
make[2]: *** [CMakeFiles/launch_hardware_interface.dir/build.make:76: CMakeFiles/launch_hardware_interface.dir/hardware_interface/src/new_hardware_interface_node.cpp.o] Error 1
make[1]: *** [CMakeFiles/Makefile2:439: CMakeFiles/launch_hardware_interface.dir/all] Error 2
make: *** [Makefile:141: all] Error 2
