In file included from [01m[K/usr/include/strings.h:23[m[K,
                 from [01m[K/usr/include/string.h:432[m[K,
                 from [01m[K/usr/include/c++/9/cstring:42[m[K,
                 from [01m[K/usr/include/boost/math/policies/error_handling.hpp:14[m[K,
                 from [01m[K/usr/include/boost/math/special_functions/round.hpp:14[m[K,
                 from [01m[K/opt/ros/noetic/include/ros/time.h:58[m[K,
                 from [01m[K/opt/ros/noetic/include/ros/console.h:39[m[K,
                 from [01m[K/opt/ros/noetic/include/hardware_interface/internal/resource_manager.h:40[m[K,
                 from [01m[K/opt/ros/noetic/include/hardware_interface/internal/hardware_resource_manager.h:36[m[K,
                 from [01m[K/opt/ros/noetic/include/hardware_interface/joint_command_interface.h:35[m[K,
                 from [01m[K/home/alessio/ROS/Robotic-Arm/rob_arm_ws/src/braccio_urdf_description/hardware_interface/src/new_hardware_interface.cpp:1[m[K:
[01m[K/home/alessio/ROS/Robotic-Arm/rob_arm_ws/src/braccio_urdf_description/hardware_interface/src/new_hardware_interface.cpp:80:54:[m[K [01;31m[Kerror: [m[Kexpected identifier before ‘[01m[K__null[m[K’
   80 |             controller_manager::ControllerManager cm([01;31m[KNULL[m[K, NULL);
      |                                                      [01;31m[K^~~~[m[K
[01m[K/home/alessio/ROS/Robotic-Arm/rob_arm_ws/src/braccio_urdf_description/hardware_interface/src/new_hardware_interface.cpp:80:54:[m[K [01;31m[Kerror: [m[Kexpected ‘[01m[K,[m[K’ or ‘[01m[K...[m[K’ before ‘[01m[K__null[m[K’
[01m[K/home/alessio/ROS/Robotic-Arm/rob_arm_ws/src/braccio_urdf_description/hardware_interface/src/new_hardware_interface.cpp:[m[K In member function ‘[01m[Kvoid ERA::MyRobot::update(const ros::TimerEvent&)[m[K’:
[01m[K/home/alessio/ROS/Robotic-Arm/rob_arm_ws/src/braccio_urdf_description/hardware_interface/src/new_hardware_interface.cpp:50:23:[m[K [01;31m[Kerror: [m[Kinvalid use of member function ‘[01m[Kcontroller_manager::ControllerManager ERA::MyRobot::cm(int)[m[K’ (did you forget the ‘[01m[K()[m[K’ ?)
   50 |                 [01;31m[Kthis->cm[m[K.update(this.get_time(), this.get_period());
      |                 [01;31m[K~~~~~~^~[m[K
[01m[K/home/alessio/ROS/Robotic-Arm/rob_arm_ws/src/braccio_urdf_description/hardware_interface/src/new_hardware_interface.cpp:[m[K In member function ‘[01m[Kvoid ERA::MyRobot::setControlManager(controller_manager::ControllerManager*)[m[K’:
[01m[K/home/alessio/ROS/Robotic-Arm/rob_arm_ws/src/braccio_urdf_description/hardware_interface/src/new_hardware_interface.cpp:67:23:[m[K [01;31m[Kerror: [m[Kinvalid use of member function ‘[01m[Kcontroller_manager::ControllerManager ERA::MyRobot::cm(int)[m[K’ (did you forget the ‘[01m[K()[m[K’ ?)
   67 |                 [01;31m[Kthis->cm[m[K = cm;
      |                 [01;31m[K~~~~~~^~[m[K
In file included from [01m[K/home/alessio/ROS/Robotic-Arm/rob_arm_ws/src/braccio_urdf_description/hardware_interface/src/new_hardware_interface_node.cpp:6[m[K:
[01m[K/home/alessio/ROS/Robotic-Arm/rob_arm_ws/src/braccio_urdf_description/hardware_interface/src/../include/new_hardware_interface.h:8:1:[m[K [01;31m[Kerror: [m[Kexpected ‘[01m[K{[m[K’ before ‘[01m[Kclass[m[K’
    8 | [01;31m[Kclass[m[K MyRobot : public hardware_interface::RobotHW {
      | [01;31m[K^~~~~[m[K
[01m[K/home/alessio/ROS/Robotic-Arm/rob_arm_ws/src/braccio_urdf_description/hardware_interface/src/new_hardware_interface_node.cpp:8:20:[m[K [01;31m[Kerror: [m[Kexpected ‘[01m[K;[m[K’ before ‘[01m[Kint[m[K’
    8 | using namespace ERA
      |                    [01;31m[K^[m[K
      |                    [32m[K;[m[K
    9 | 
   10 | [32m[Kint[m[K main(int argc, char** argv) {
      | [32m[K~~~[m[K                 
[01m[K/home/alessio/ROS/Robotic-Arm/rob_arm_ws/src/braccio_urdf_description/hardware_interface/src/new_hardware_interface_node.cpp:[m[K In function ‘[01m[Kint main(int, char**)[m[K’:
[01m[K/home/alessio/ROS/Robotic-Arm/rob_arm_ws/src/braccio_urdf_description/hardware_interface/src/new_hardware_interface_node.cpp:21:5:[m[K [01;31m[Kerror: [m[K‘[01m[Knon_realtime_loop_[m[K’ was not declared in this scope
   21 |     [01;31m[Knon_realtime_loop_[m[K = nh.createTimer(update_freq, &MyRobot::update, &robot);
      |     [01;31m[K^~~~~~~~~~~~~~~~~~[m[K
make[2]: *** [CMakeFiles/launch_hardware_interface.dir/build.make:63: CMakeFiles/launch_hardware_interface.dir/hardware_interface/src/new_hardware_interface.cpp.o] Error 1
make[2]: *** Waiting for unfinished jobs....
make[2]: *** [CMakeFiles/launch_hardware_interface.dir/build.make:76: CMakeFiles/launch_hardware_interface.dir/hardware_interface/src/new_hardware_interface_node.cpp.o] Error 1
make[1]: *** [CMakeFiles/Makefile2:439: CMakeFiles/launch_hardware_interface.dir/all] Error 2
make: *** [Makefile:141: all] Error 2
