CMake Warning (dev) at CMakeLists.txt:2 (project):
  Policy CMP0048 is not set: project() command manages VERSION variables.
  Run "cmake --help-policy CMP0048" for policy details.  Use the cmake_policy
  command to set the policy and suppress this warning.

  The following variable(s) would be set to empty:

    CMAKE_PROJECT_VERSION
    CMAKE_PROJECT_VERSION_MAJOR
    CMAKE_PROJECT_VERSION_MINOR
    CMAKE_PROJECT_VERSION_PATCH
This warning is for project developers.  Use -Wno-dev to suppress it.

[36m--[0m Using CATKIN_DEVEL_PREFIX: /home/alessio/ROS/Robotic-Arm/rob_arm_ws/devel/.private/braccio_urdf_description
[36m--[0m Using CMAKE_PREFIX_PATH: /home/alessio/ROS/Robotic-Arm/rob_arm_ws/devel;/home/alessio/ROS/rob_arm_ws/devel;/opt/ros/noetic
[36m--[0m This workspace overlays: /home/alessio/ROS/Robotic-Arm/rob_arm_ws/devel;/home/alessio/ROS/rob_arm_ws/devel;/opt/ros/noetic
[36m--[0m Found PythonInterp: /usr/bin/python3 (found suitable version "3.8.10", minimum required is "3")
[36m--[0m Using PYTHON_EXECUTABLE: /usr/bin/python3
[36m--[0m Using Debian Python package layout
[36m--[0m Using empy: /usr/lib/python3/dist-packages/em.py
[36m--[0m Using CATKIN_ENABLE_TESTING: ON
[36m--[0m Call enable_testing()
[36m--[0m Using CATKIN_TEST_RESULTS_DIR: /home/alessio/ROS/Robotic-Arm/rob_arm_ws/build/braccio_urdf_description/test_results
[36m--[0m Forcing gtest/gmock from source, though one was otherwise available.
[36m--[0m Found gtest sources under '/usr/src/googletest': gtests will be built
[36m--[0m Found gmock sources under '/usr/src/googletest': gmock will be built
[36m--[0m Found PythonInterp: /usr/bin/python3 (found version "3.8.10")
[36m--[0m Using Python nosetests: /usr/bin/nosetests3
[36m--[0m catkin 0.8.10
[36m--[0m BUILD_SHARED_LIBS is on
[36m--[0m Using these message generators: gencpp;geneus;genlisp;gennodejs;genpy
[31m[1mCMake Error[0m at /opt/ros/noetic/share/genmsg/cmake/genmsg-extras.cmake:263 (message):
  Messages depends on unknown pkg: std_msgs (Missing
  'find_package(std_msgs)'?)
[36mCall Stack (most recent call first):[0m
  CMakeLists.txt:69 (generate_messages)


[36m--[0m Configuring incomplete, errors occurred!
See also "/home/alessio/ROS/Robotic-Arm/rob_arm_ws/build/braccio_urdf_description/CMakeFiles/CMakeOutput.log".
See also "/home/alessio/ROS/Robotic-Arm/rob_arm_ws/build/braccio_urdf_description/CMakeFiles/CMakeError.log".
make: *** [Makefile:334: cmake_check_build_system] Error 1
