Linked: (/home/toto/Documents/SASA/SASA/Robotic-Arm/rob_arm_ws/devel/.private/braccio_urdf_description/include/braccio_urdf_description/Float6Array.h, /home/toto/Documents/SASA/SASA/Robotic-Arm/rob_arm_ws/devel/include/braccio_urdf_description/Float6Array.h)
Linked: (/home/toto/Documents/SASA/SASA/Robotic-Arm/rob_arm_ws/devel/.private/braccio_urdf_description/lib/python3/dist-packages/braccio_urdf_description/__init__.py, /home/toto/Documents/SASA/SASA/Robotic-Arm/rob_arm_ws/devel/lib/python3/dist-packages/braccio_urdf_description/__init__.py)
Linked: (/home/toto/Documents/SASA/SASA/Robotic-Arm/rob_arm_ws/devel/.private/braccio_urdf_description/lib/python3/dist-packages/braccio_urdf_description/msg/__init__.py, /home/toto/Documents/SASA/SASA/Robotic-Arm/rob_arm_ws/devel/lib/python3/dist-packages/braccio_urdf_description/msg/__init__.py)
Linked: (/home/toto/Documents/SASA/SASA/Robotic-Arm/rob_arm_ws/devel/.private/braccio_urdf_description/lib/python3/dist-packages/braccio_urdf_description/msg/_Float6Array.py, /home/toto/Documents/SASA/SASA/Robotic-Arm/rob_arm_ws/devel/lib/python3/dist-packages/braccio_urdf_description/msg/_Float6Array.py)
Linked: (/home/toto/Documents/SASA/SASA/Robotic-Arm/rob_arm_ws/devel/.private/braccio_urdf_description/lib/braccio_urdf_description/braccio_urdf_description_exe, /home/toto/Documents/SASA/SASA/Robotic-Arm/rob_arm_ws/devel/lib/braccio_urdf_description/braccio_urdf_description_exe)
Linked: (/home/toto/Documents/SASA/SASA/Robotic-Arm/rob_arm_ws/devel/.private/braccio_urdf_description/lib/braccio_urdf_description/subscriber_test_exe, /home/toto/Documents/SASA/SASA/Robotic-Arm/rob_arm_ws/devel/lib/braccio_urdf_description/subscriber_test_exe)
Linked: (/home/toto/Documents/SASA/SASA/Robotic-Arm/rob_arm_ws/devel/.private/braccio_urdf_description/lib/braccio_urdf_description/publisher_test_exe, /home/toto/Documents/SASA/SASA/Robotic-Arm/rob_arm_ws/devel/lib/braccio_urdf_description/publisher_test_exe)
Linked: (/home/toto/Documents/SASA/SASA/Robotic-Arm/rob_arm_ws/devel/.private/braccio_urdf_description/lib/pkgconfig/braccio_urdf_description.pc, /home/toto/Documents/SASA/SASA/Robotic-Arm/rob_arm_ws/devel/lib/pkgconfig/braccio_urdf_description.pc)
Linked: (/home/toto/Documents/SASA/SASA/Robotic-Arm/rob_arm_ws/devel/.private/braccio_urdf_description/share/braccio_urdf_description/cmake/braccio_urdf_description-msg-extras.cmake, /home/toto/Documents/SASA/SASA/Robotic-Arm/rob_arm_ws/devel/share/braccio_urdf_description/cmake/braccio_urdf_description-msg-extras.cmake)
Linked: (/home/toto/Documents/SASA/SASA/Robotic-Arm/rob_arm_ws/devel/.private/braccio_urdf_description/share/braccio_urdf_description/cmake/braccio_urdf_description-msg-paths.cmake, /home/toto/Documents/SASA/SASA/Robotic-Arm/rob_arm_ws/devel/share/braccio_urdf_description/cmake/braccio_urdf_description-msg-paths.cmake)
Linked: (/home/toto/Documents/SASA/SASA/Robotic-Arm/rob_arm_ws/devel/.private/braccio_urdf_description/share/braccio_urdf_description/cmake/braccio_urdf_descriptionConfig-version.cmake, /home/toto/Documents/SASA/SASA/Robotic-Arm/rob_arm_ws/devel/share/braccio_urdf_description/cmake/braccio_urdf_descriptionConfig-version.cmake)
Linked: (/home/toto/Documents/SASA/SASA/Robotic-Arm/rob_arm_ws/devel/.private/braccio_urdf_description/share/braccio_urdf_description/cmake/braccio_urdf_descriptionConfig.cmake, /home/toto/Documents/SASA/SASA/Robotic-Arm/rob_arm_ws/devel/share/braccio_urdf_description/cmake/braccio_urdf_descriptionConfig.cmake)
Linked: (/home/toto/Documents/SASA/SASA/Robotic-Arm/rob_arm_ws/devel/.private/braccio_urdf_description/share/roseus/ros/braccio_urdf_description/manifest.l, /home/toto/Documents/SASA/SASA/Robotic-Arm/rob_arm_ws/devel/share/roseus/ros/braccio_urdf_description/manifest.l)
Linked: (/home/toto/Documents/SASA/SASA/Robotic-Arm/rob_arm_ws/devel/.private/braccio_urdf_description/share/roseus/ros/braccio_urdf_description/msg/Float6Array.l, /home/toto/Documents/SASA/SASA/Robotic-Arm/rob_arm_ws/devel/share/roseus/ros/braccio_urdf_description/msg/Float6Array.l)
Linked: (/home/toto/Documents/SASA/SASA/Robotic-Arm/rob_arm_ws/devel/.private/braccio_urdf_description/share/common-lisp/ros/braccio_urdf_description/msg/braccio_urdf_description-msg.asd, /home/toto/Documents/SASA/SASA/Robotic-Arm/rob_arm_ws/devel/share/common-lisp/ros/braccio_urdf_description/msg/braccio_urdf_description-msg.asd)
Linked: (/home/toto/Documents/SASA/SASA/Robotic-Arm/rob_arm_ws/devel/.private/braccio_urdf_description/share/common-lisp/ros/braccio_urdf_description/msg/_package.lisp, /home/toto/Documents/SASA/SASA/Robotic-Arm/rob_arm_ws/devel/share/common-lisp/ros/braccio_urdf_description/msg/_package.lisp)
Linked: (/home/toto/Documents/SASA/SASA/Robotic-Arm/rob_arm_ws/devel/.private/braccio_urdf_description/share/common-lisp/ros/braccio_urdf_description/msg/_package_Float6Array.lisp, /home/toto/Documents/SASA/SASA/Robotic-Arm/rob_arm_ws/devel/share/common-lisp/ros/braccio_urdf_description/msg/_package_Float6Array.lisp)
Linked: (/home/toto/Documents/SASA/SASA/Robotic-Arm/rob_arm_ws/devel/.private/braccio_urdf_description/share/common-lisp/ros/braccio_urdf_description/msg/Float6Array.lisp, /home/toto/Documents/SASA/SASA/Robotic-Arm/rob_arm_ws/devel/share/common-lisp/ros/braccio_urdf_description/msg/Float6Array.lisp)
Linked: (/home/toto/Documents/SASA/SASA/Robotic-Arm/rob_arm_ws/devel/.private/braccio_urdf_description/share/gennodejs/ros/braccio_urdf_description/_index.js, /home/toto/Documents/SASA/SASA/Robotic-Arm/rob_arm_ws/devel/share/gennodejs/ros/braccio_urdf_description/_index.js)
Linked: (/home/toto/Documents/SASA/SASA/Robotic-Arm/rob_arm_ws/devel/.private/braccio_urdf_description/share/gennodejs/ros/braccio_urdf_description/msg/_index.js, /home/toto/Documents/SASA/SASA/Robotic-Arm/rob_arm_ws/devel/share/gennodejs/ros/braccio_urdf_description/msg/_index.js)
Linked: (/home/toto/Documents/SASA/SASA/Robotic-Arm/rob_arm_ws/devel/.private/braccio_urdf_description/share/gennodejs/ros/braccio_urdf_description/msg/Float6Array.js, /home/toto/Documents/SASA/SASA/Robotic-Arm/rob_arm_ws/devel/share/gennodejs/ros/braccio_urdf_description/msg/Float6Array.js)
