[35m[1mScanning dependencies of target _braccio_urdf_description_generate_messages_check_deps_Float6Array[0m
[35m[1mScanning dependencies of target publisher_test_exe[0m
[35m[1mScanning dependencies of target braccio_urdf_description_exe[0m
[35m[1mScanning dependencies of target subscriber_test_exe[0m
[35m[1mScanning dependencies of target std_msgs_generate_messages_cpp[0m
[  0%] Built target std_msgs_generate_messages_cpp
[  7%] [32mBuilding CXX object CMakeFiles/publisher_test_exe.dir/hardware_interface/publisher_test.cpp.o[0m
[ 15%] [32mBuilding CXX object CMakeFiles/subscriber_test_exe.dir/hardware_interface/subscriber_test.cpp.o[0m
[35m[1mScanning dependencies of target std_msgs_generate_messages_py[0m
[ 23%] [32mBuilding CXX object CMakeFiles/braccio_urdf_description_exe.dir/hardware_interface/new_hardware_interface_node.cpp.o[0m
[ 23%] Built target std_msgs_generate_messages_py
[35m[1mScanning dependencies of target std_msgs_generate_messages_nodejs[0m
[ 23%] Built target _braccio_urdf_description_generate_messages_check_deps_Float6Array
[ 23%] Built target std_msgs_generate_messages_nodejs
[35m[1mScanning dependencies of target std_msgs_generate_messages_lisp[0m
[35m[1mScanning dependencies of target std_msgs_generate_messages_eus[0m
[ 23%] Built target std_msgs_generate_messages_eus
[ 23%] Built target std_msgs_generate_messages_lisp
[35m[1mScanning dependencies of target braccio_urdf_description_generate_messages_cpp[0m
[35m[1mScanning dependencies of target braccio_urdf_description_generate_messages_py[0m
[ 30%] [34m[1mGenerating C++ code from braccio_urdf_description/Float6Array.msg[0m
[ 38%] [34m[1mGenerating Python from MSG braccio_urdf_description/Float6Array[0m
[ 38%] Built target braccio_urdf_description_generate_messages_cpp
[35m[1mScanning dependencies of target braccio_urdf_description_generate_messages_nodejs[0m
[ 46%] [34m[1mGenerating Javascript code from braccio_urdf_description/Float6Array.msg[0m
[ 53%] [34m[1mGenerating Python msg __init__.py for braccio_urdf_description[0m
[35m[1mScanning dependencies of target braccio_urdf_description_generate_messages_lisp[0m
[ 53%] Built target braccio_urdf_description_generate_messages_nodejs
[ 61%] [34m[1mGenerating Lisp code from braccio_urdf_description/Float6Array.msg[0m
[35m[1mScanning dependencies of target braccio_urdf_description_generate_messages_eus[0m
[ 69%] [34m[1mGenerating EusLisp code from braccio_urdf_description/Float6Array.msg[0m
[ 69%] Built target braccio_urdf_description_generate_messages_lisp
[ 76%] [34m[1mGenerating EusLisp manifest code for braccio_urdf_description[0m
[ 76%] Built target braccio_urdf_description_generate_messages_py
[ 76%] Built target braccio_urdf_description_generate_messages_eus
[35m[1mScanning dependencies of target braccio_urdf_description_generate_messages[0m
[ 76%] Built target braccio_urdf_description_generate_messages
[ 84%] [32m[1mLinking CXX executable /home/toto/Documents/SASA/SASA/Robotic-Arm/rob_arm_ws/devel/.private/braccio_urdf_description/lib/braccio_urdf_description/publisher_test_exe[0m
[ 84%] Built target publisher_test_exe
[ 92%] [32m[1mLinking CXX executable /home/toto/Documents/SASA/SASA/Robotic-Arm/rob_arm_ws/devel/.private/braccio_urdf_description/lib/braccio_urdf_description/subscriber_test_exe[0m
[ 92%] Built target subscriber_test_exe
[100%] [32m[1mLinking CXX executable /home/toto/Documents/SASA/SASA/Robotic-Arm/rob_arm_ws/devel/.private/braccio_urdf_description/lib/braccio_urdf_description/braccio_urdf_description_exe[0m
[100%] Built target braccio_urdf_description_exe
