[35m[1mScanning dependencies of target _braccio_urdf_description_generate_messages_check_deps_Float6Array[0m
[35m[1mScanning dependencies of target std_msgs_generate_messages_lisp[0m
[35m[1mScanning dependencies of target std_msgs_generate_messages_cpp[0m
[35m[1mScanning dependencies of target std_msgs_generate_messages_eus[0m
[  0%] Built target std_msgs_generate_messages_lisp
[  0%] Built target std_msgs_generate_messages_cpp
[  0%] Built target std_msgs_generate_messages_eus
[35m[1mScanning dependencies of target std_msgs_generate_messages_nodejs[0m
[35m[1mScanning dependencies of target std_msgs_generate_messages_py[0m
[  0%] Built target std_msgs_generate_messages_nodejs
[  0%] Built target std_msgs_generate_messages_py
[  0%] Built target _braccio_urdf_description_generate_messages_check_deps_Float6Array
[35m[1mScanning dependencies of target braccio_urdf_description_generate_messages_eus[0m
[35m[1mScanning dependencies of target braccio_urdf_description_generate_messages_cpp[0m
[35m[1mScanning dependencies of target braccio_urdf_description_generate_messages_lisp[0m
[ 14%] [34m[1mGenerating EusLisp code from braccio_urdf_description/Float6Array.msg[0m
[ 28%] [34m[1mGenerating C++ code from braccio_urdf_description/Float6Array.msg[0m
[35m[1mScanning dependencies of target braccio_urdf_description_generate_messages_py[0m
[ 42%] [34m[1mGenerating Lisp code from braccio_urdf_description/Float6Array.msg[0m
[ 57%] [34m[1mGenerating Python from MSG braccio_urdf_description/Float6Array[0m
[ 57%] Built target braccio_urdf_description_generate_messages_lisp
[35m[1mScanning dependencies of target braccio_urdf_description_generate_messages_nodejs[0m
[ 71%] [34m[1mGenerating Javascript code from braccio_urdf_description/Float6Array.msg[0m
[ 71%] Built target braccio_urdf_description_generate_messages_nodejs
[ 85%] [34m[1mGenerating EusLisp manifest code for braccio_urdf_description[0m
[ 85%] Built target braccio_urdf_description_generate_messages_cpp
[100%] [34m[1mGenerating Python msg __init__.py for braccio_urdf_description[0m
[100%] Built target braccio_urdf_description_generate_messages_py
[100%] Built target braccio_urdf_description_generate_messages_eus
[35m[1mScanning dependencies of target braccio_urdf_description_generate_messages[0m
[100%] Built target braccio_urdf_description_generate_messages
