In file included from [01m[K/opt/ros/noetic/include/ros/ros.h:40[m[K,
                 from [01m[K/home/alessio/ROS/Robotic-Arm/rob_arm_ws/src/braccio_urdf_description/hardware_interface/src/subscriber_test.cpp:1[m[K:
[01m[K/home/alessio/ROS/Robotic-Arm/rob_arm_ws/src/braccio_urdf_description/hardware_interface/src/subscriber_test.cpp:[m[K In function ‘[01m[Kvoid chatterCallback(const ConstPtr&)[m[K’:
[01m[K/home/alessio/ROS/Robotic-Arm/rob_arm_ws/src/braccio_urdf_description/hardware_interface/src/subscriber_test.cpp:10:12:[m[K [01;35m[Kwarning: [m[Kformat ‘[01m[K%f[m[K’ expects argument of type ‘[01m[Kdouble[m[K’, but argument 8 has type ‘[01m[Kconst _data_type[m[K’ {aka ‘[01m[Kconst std::vector<double>[m[K’} [[01;35m[K-Wformat=[m[K]
   10 |   ROS_INFO([01;35m[K"I heard: [%f]"[m[K, msg->data);
      |            [01;35m[K^~~~~~~~~~~~~~~[m[K
[01m[K/opt/ros/noetic/include/ros/console.h:351:165:[m[K [01;36m[Knote: [m[Kin definition of macro ‘[01m[KROSCONSOLE_PRINT_AT_LOCATION_WITH_FILTER[m[K’
  351 |     ::ros::console::print(filter, __rosconsole_define_location__loc.logger_, __rosconsole_define_location__loc.level_, __FILE__, __LINE__, __ROSCONSOLE_FUNCTION__, [01;36m[K__VA_ARGS__[m[K)
      |                                                                                                                                                                     [01;36m[K^~~~~~~~~~~[m[K
[01m[K/opt/ros/noetic/include/ros/console.h:390:7:[m[K [01;36m[Knote: [m[Kin expansion of macro ‘[01m[KROSCONSOLE_PRINT_AT_LOCATION[m[K’
  390 |       [01;36m[KROSCONSOLE_PRINT_AT_LOCATION[m[K(__VA_ARGS__); \
      |       [01;36m[K^~~~~~~~~~~~~~~~~~~~~~~~~~~~[m[K
[01m[K/opt/ros/noetic/include/ros/console.h:575:35:[m[K [01;36m[Knote: [m[Kin expansion of macro ‘[01m[KROS_LOG_COND[m[K’
  575 | #define ROS_LOG(level, name, ...) [01;36m[KROS_LOG_COND[m[K(true, level, name, __VA_ARGS__)
      |                                   [01;36m[K^~~~~~~~~~~~[m[K
[01m[K/opt/ros/noetic/include/rosconsole/macros_generated.h:110:23:[m[K [01;36m[Knote: [m[Kin expansion of macro ‘[01m[KROS_LOG[m[K’
  110 | #define ROS_INFO(...) [01;36m[KROS_LOG[m[K(::ros::console::levels::Info, ROSCONSOLE_DEFAULT_NAME, __VA_ARGS__)
      |                       [01;36m[K^~~~~~~[m[K
[01m[K/home/alessio/ROS/Robotic-Arm/rob_arm_ws/src/braccio_urdf_description/hardware_interface/src/subscriber_test.cpp:10:3:[m[K [01;36m[Knote: [m[Kin expansion of macro ‘[01m[KROS_INFO[m[K’
   10 |   [01;36m[KROS_INFO[m[K("I heard: [%f]", msg->data);
      |   [01;36m[K^~~~~~~~[m[K
[01m[K/home/alessio/ROS/Robotic-Arm/rob_arm_ws/src/braccio_urdf_description/hardware_interface/src/subscriber_test.cpp:10:24:[m[K [01;36m[Knote: [m[Kformat string is defined here
   10 |   ROS_INFO("I heard: [[01;36m[K%f[m[K]", msg->data);
      |                       [01;36m[K~^[m[K
      |                        [01;36m[K|[m[K
      |                        [01;36m[Kdouble[m[K
