Linked: (/home/alessio/ROS/Robotic-Arm/rob_arm_ws/devel/.private/braccio_urdf_description/share/common-lisp/ros/braccio_urdf_description/msg/Float6Array.lisp, /home/alessio/ROS/Robotic-Arm/rob_arm_ws/devel/share/common-lisp/ros/braccio_urdf_description/msg/Float6Array.lisp)
Linked: (/home/alessio/ROS/Robotic-Arm/rob_arm_ws/devel/.private/braccio_urdf_description/share/common-lisp/ros/braccio_urdf_description/msg/braccio_urdf_description-msg.asd, /home/alessio/ROS/Robotic-Arm/rob_arm_ws/devel/share/common-lisp/ros/braccio_urdf_description/msg/braccio_urdf_description-msg.asd)
Linked: (/home/alessio/ROS/Robotic-Arm/rob_arm_ws/devel/.private/braccio_urdf_description/share/common-lisp/ros/braccio_urdf_description/msg/_package.lisp, /home/alessio/ROS/Robotic-Arm/rob_arm_ws/devel/share/common-lisp/ros/braccio_urdf_description/msg/_package.lisp)
Linked: (/home/alessio/ROS/Robotic-Arm/rob_arm_ws/devel/.private/braccio_urdf_description/share/common-lisp/ros/braccio_urdf_description/msg/_package_Float6Array.lisp, /home/alessio/ROS/Robotic-Arm/rob_arm_ws/devel/share/common-lisp/ros/braccio_urdf_description/msg/_package_Float6Array.lisp)
Linked: (/home/alessio/ROS/Robotic-Arm/rob_arm_ws/devel/.private/braccio_urdf_description/share/roseus/ros/braccio_urdf_description/manifest.l, /home/alessio/ROS/Robotic-Arm/rob_arm_ws/devel/share/roseus/ros/braccio_urdf_description/manifest.l)
Linked: (/home/alessio/ROS/Robotic-Arm/rob_arm_ws/devel/.private/braccio_urdf_description/share/roseus/ros/braccio_urdf_description/msg/Float6Array.l, /home/alessio/ROS/Robotic-Arm/rob_arm_ws/devel/share/roseus/ros/braccio_urdf_description/msg/Float6Array.l)
Linked: (/home/alessio/ROS/Robotic-Arm/rob_arm_ws/devel/.private/braccio_urdf_description/share/braccio_urdf_description/cmake/braccio_urdf_description-msg-paths.cmake, /home/alessio/ROS/Robotic-Arm/rob_arm_ws/devel/share/braccio_urdf_description/cmake/braccio_urdf_description-msg-paths.cmake)
Linked: (/home/alessio/ROS/Robotic-Arm/rob_arm_ws/devel/.private/braccio_urdf_description/share/braccio_urdf_description/cmake/braccio_urdf_description-msg-extras.cmake, /home/alessio/ROS/Robotic-Arm/rob_arm_ws/devel/share/braccio_urdf_description/cmake/braccio_urdf_description-msg-extras.cmake)
Warning: Cannot symlink from /home/alessio/ROS/Robotic-Arm/rob_arm_ws/devel/.private/braccio_urdf_description/share/braccio_urdf_description/cmake/braccio_urdf_descriptionConfig.cmake to existing file /home/alessio/ROS/Robotic-Arm/rob_arm_ws/devel/share/braccio_urdf_description/cmake/braccio_urdf_descriptionConfig.cmake
Warning: Source hash: 57f04577525bdb27ce72ccbfb95baffd
Warning: Dest hash: 681230254d15ad9792459b5aca9a7052
Linked: (/home/alessio/ROS/Robotic-Arm/rob_arm_ws/devel/.private/braccio_urdf_description/share/gennodejs/ros/braccio_urdf_description/_index.js, /home/alessio/ROS/Robotic-Arm/rob_arm_ws/devel/share/gennodejs/ros/braccio_urdf_description/_index.js)
Linked: (/home/alessio/ROS/Robotic-Arm/rob_arm_ws/devel/.private/braccio_urdf_description/share/gennodejs/ros/braccio_urdf_description/msg/_index.js, /home/alessio/ROS/Robotic-Arm/rob_arm_ws/devel/share/gennodejs/ros/braccio_urdf_description/msg/_index.js)
Linked: (/home/alessio/ROS/Robotic-Arm/rob_arm_ws/devel/.private/braccio_urdf_description/share/gennodejs/ros/braccio_urdf_description/msg/Float6Array.js, /home/alessio/ROS/Robotic-Arm/rob_arm_ws/devel/share/gennodejs/ros/braccio_urdf_description/msg/Float6Array.js)
Linked: (/home/alessio/ROS/Robotic-Arm/rob_arm_ws/devel/.private/braccio_urdf_description/include/braccio_urdf_description/Float6Array.h, /home/alessio/ROS/Robotic-Arm/rob_arm_ws/devel/include/braccio_urdf_description/Float6Array.h)
Linked: (/home/alessio/ROS/Robotic-Arm/rob_arm_ws/devel/.private/braccio_urdf_description/lib/libmylib.so, /home/alessio/ROS/Robotic-Arm/rob_arm_ws/devel/lib/libmylib.so)
Linked: (/home/alessio/ROS/Robotic-Arm/rob_arm_ws/devel/.private/braccio_urdf_description/lib/libbraccio_urdf_description.so, /home/alessio/ROS/Robotic-Arm/rob_arm_ws/devel/lib/libbraccio_urdf_description.so)
Linked: (/home/alessio/ROS/Robotic-Arm/rob_arm_ws/devel/.private/braccio_urdf_description/lib/python3/dist-packages/braccio_urdf_description/__init__.py, /home/alessio/ROS/Robotic-Arm/rob_arm_ws/devel/lib/python3/dist-packages/braccio_urdf_description/__init__.py)
Linked: (/home/alessio/ROS/Robotic-Arm/rob_arm_ws/devel/.private/braccio_urdf_description/lib/python3/dist-packages/braccio_urdf_description/msg/_Float6Array.py, /home/alessio/ROS/Robotic-Arm/rob_arm_ws/devel/lib/python3/dist-packages/braccio_urdf_description/msg/_Float6Array.py)
Linked: (/home/alessio/ROS/Robotic-Arm/rob_arm_ws/devel/.private/braccio_urdf_description/lib/python3/dist-packages/braccio_urdf_description/msg/__init__.py, /home/alessio/ROS/Robotic-Arm/rob_arm_ws/devel/lib/python3/dist-packages/braccio_urdf_description/msg/__init__.py)
Warning: Cannot symlink from /home/alessio/ROS/Robotic-Arm/rob_arm_ws/devel/.private/braccio_urdf_description/lib/pkgconfig/braccio_urdf_description.pc to existing file /home/alessio/ROS/Robotic-Arm/rob_arm_ws/devel/lib/pkgconfig/braccio_urdf_description.pc
Warning: Source hash: 7528432d7e9ab732a8a2215c2521abff
Warning: Dest hash: 38d09223ac64738741d53ac5bc7bc325
Linked: (/home/alessio/ROS/Robotic-Arm/rob_arm_ws/devel/.private/braccio_urdf_description/lib/braccio_urdf_description/subscriber_test_exe, /home/alessio/ROS/Robotic-Arm/rob_arm_ws/devel/lib/braccio_urdf_description/subscriber_test_exe)
Linked: (/home/alessio/ROS/Robotic-Arm/rob_arm_ws/devel/.private/braccio_urdf_description/lib/braccio_urdf_description/braccio_urdf_description_exe, /home/alessio/ROS/Robotic-Arm/rob_arm_ws/devel/lib/braccio_urdf_description/braccio_urdf_description_exe)
Linked: (/home/alessio/ROS/Robotic-Arm/rob_arm_ws/devel/.private/braccio_urdf_description/lib/braccio_urdf_description/publisher_test_exe, /home/alessio/ROS/Robotic-Arm/rob_arm_ws/devel/lib/braccio_urdf_description/publisher_test_exe)
Linked: (/home/alessio/ROS/Robotic-Arm/rob_arm_ws/devel/.private/braccio_urdf_description/lib/braccio_urdf_description/braccio_urdf_description, /home/alessio/ROS/Robotic-Arm/rob_arm_ws/devel/lib/braccio_urdf_description/braccio_urdf_description)
