[36m--[0m Using CATKIN_DEVEL_PREFIX: /home/alessio/ROS/Robotic-Arm/rob_arm_ws/devel/.private/image_sender
[36m--[0m Using CMAKE_PREFIX_PATH: /home/alessio/ROS/Robotic-Arm/rob_arm_ws/devel;/home/alessio/ROS/rob_arm_ws/devel;/opt/ros/noetic
[36m--[0m This workspace overlays: /home/alessio/ROS/Robotic-Arm/rob_arm_ws/devel;/home/alessio/ROS/rob_arm_ws/devel;/opt/ros/noetic
[36m--[0m Found PythonInterp: /usr/bin/python3 (found suitable version "3.8.10", minimum required is "3")
[36m--[0m Using PYTHON_EXECUTABLE: /usr/bin/python3
[36m--[0m Using Debian Python package layout
[36m--[0m Using empy: /usr/lib/python3/dist-packages/em.py
[36m--[0m Using CATKIN_ENABLE_TESTING: ON
[36m--[0m Call enable_testing()
[36m--[0m Using CATKIN_TEST_RESULTS_DIR: /home/alessio/ROS/Robotic-Arm/rob_arm_ws/build/image_sender/test_results
[36m--[0m Forcing gtest/gmock from source, though one was otherwise available.
[36m--[0m Found gtest sources under '/usr/src/googletest': gtests will be built
[36m--[0m Found gmock sources under '/usr/src/googletest': gmock will be built
[36m--[0m Found PythonInterp: /usr/bin/python3 (found version "3.8.10")
[36m--[0m Using Python nosetests: /usr/bin/nosetests3
[36m--[0m catkin 0.8.10
[36m--[0m BUILD_SHARED_LIBS is on
[31m[1mCMake Error[0m at /home/alessio/ROS/Robotic-Arm/rob_arm_ws/src/image_sender/CMakeLists.txt:74 (generate_messages):
  Unknown CMake command "generate_messages".


[36m--[0m Configuring incomplete, errors occurred!
See also "/home/alessio/ROS/Robotic-Arm/rob_arm_ws/build/image_sender/CMakeFiles/CMakeOutput.log".
See also "/home/alessio/ROS/Robotic-Arm/rob_arm_ws/build/image_sender/CMakeFiles/CMakeError.log".
make: *** [Makefile:714: cmake_check_build_system] Error 1
