[  0%] Built target zed_interfaces_generate_messages_eus
[  0%] Built target zed_interfaces_generate_messages_nodejs
[  0%] Built target diagnostic_msgs_generate_messages_nodejs
[  0%] Built target dynamic_reconfigure_generate_messages_cpp
[  0%] Built target nodelet_generate_messages_py
[  0%] Built target diagnostic_msgs_generate_messages_eus
[ 16%] Built target zed_nodelets_gencfg
[ 16%] Built target bond_generate_messages_py
[ 16%] Built target geometry_msgs_generate_messages_eus
[ 16%] Built target std_msgs_generate_messages_cpp
[ 16%] Built target sensor_msgs_generate_messages_cpp
[ 16%] Built target diagnostic_msgs_generate_messages_py
[ 16%] Built target std_msgs_generate_messages_py
[ 16%] Built target zed_interfaces_generate_messages_cpp
[ 16%] Built target rosgraph_msgs_generate_messages_nodejs
[ 16%] Built target tf2_msgs_generate_messages_cpp
[ 16%] Built target dynamic_reconfigure_generate_messages_lisp
[ 16%] Built target std_msgs_generate_messages_nodejs
[ 16%] Built target actionlib_generate_messages_cpp
[ 16%] Built target actionlib_msgs_generate_messages_py
[ 16%] Built target nodelet_generate_messages_lisp
[ 16%] Built target actionlib_generate_messages_lisp
[ 16%] Built target roscpp_generate_messages_lisp
[ 16%] Built target dynamic_reconfigure_generate_messages_py
[ 16%] Built target actionlib_msgs_generate_messages_eus
[ 16%] Built target std_msgs_generate_messages_lisp
[ 16%] Built target rosgraph_msgs_generate_messages_lisp
[ 16%] Built target diagnostic_msgs_generate_messages_cpp
[ 16%] Built target zed_interfaces_generate_messages_lisp
[ 16%] Built target roscpp_generate_messages_cpp
[ 16%] Built target rosgraph_msgs_generate_messages_py
[ 16%] Built target stereo_msgs_generate_messages_py
[ 16%] Built target sensor_msgs_generate_messages_nodejs
[ 16%] Built target bond_generate_messages_eus
[ 16%] Built target roscpp_generate_messages_py
[ 16%] Built target sensor_msgs_generate_messages_lisp
[ 16%] Built target roscpp_generate_messages_eus
[ 16%] Built target sensor_msgs_generate_messages_eus
[ 16%] Built target bond_generate_messages_lisp
[ 16%] Built target dynamic_reconfigure_generate_messages_eus
[ 16%] Built target geometry_msgs_generate_messages_cpp
[ 16%] Built target geometry_msgs_generate_messages_nodejs
[ 16%] Built target dynamic_reconfigure_generate_messages_nodejs
[ 16%] Built target bond_generate_messages_cpp
[ 16%] Built target tf2_msgs_generate_messages_py
[ 16%] Built target sensor_msgs_generate_messages_py
[ 16%] Built target rosgraph_msgs_generate_messages_eus
[ 16%] Built target tf2_msgs_generate_messages_eus
[ 16%] Built target geometry_msgs_generate_messages_lisp
[ 16%] Built target geometry_msgs_generate_messages_py
[ 16%] Built target dynamic_reconfigure_gencfg
[ 16%] Built target stereo_msgs_generate_messages_eus
[ 16%] Built target stereo_msgs_generate_messages_nodejs
[ 16%] Built target roscpp_generate_messages_nodejs
[ 16%] Built target actionlib_generate_messages_eus
[ 16%] Built target rosgraph_msgs_generate_messages_cpp
[ 16%] Built target actionlib_generate_messages_nodejs
[ 16%] Built target stereo_msgs_generate_messages_lisp
[ 16%] Built target actionlib_msgs_generate_messages_cpp
[ 16%] Built target nodelet_generate_messages_eus
[ 16%] Built target actionlib_generate_messages_py
[ 16%] Built target diagnostic_msgs_generate_messages_lisp
[ 16%] Built target stereo_msgs_generate_messages_cpp
[ 16%] Built target actionlib_msgs_generate_messages_nodejs
[ 16%] Built target std_msgs_generate_messages_eus
[ 16%] Built target actionlib_msgs_generate_messages_lisp
[ 16%] Built target tf2_msgs_generate_messages_lisp
[ 16%] Built target tf2_msgs_generate_messages_nodejs
[ 16%] Built target zed_interfaces_generate_messages_py
[ 16%] Built target nodelet_generate_messages_cpp
[ 16%] Built target bond_generate_messages_nodejs
[ 16%] Built target nodelet_generate_messages_nodejs
[100%] Built target ZEDNodelets
