Not searching for unused variables given on the command line.
[36m--[0m The C compiler identification is GNU 9.4.0
[36m--[0m The CXX compiler identification is GNU 9.4.0
[36m--[0m Detecting C compiler ABI info
[36m--[0m Detecting C compiler ABI info - done
[36m--[0m Check for working C compiler: /usr/bin/cc - skipped
[36m--[0m Detecting C compile features
[36m--[0m Detecting C compile features - done
[36m--[0m Detecting CXX compiler ABI info
[36m--[0m Detecting CXX compiler ABI info - done
[36m--[0m Check for working CXX compiler: /usr/bin/c++ - skipped
[36m--[0m Detecting CXX compile features
[36m--[0m Detecting CXX compile features - done
[33mCMake Warning at CMakeLists.txt:25 (find_package):
  Could not find a configuration file for package "ZED" that is compatible
  with requested version "4".

  The following configuration files were considered but not accepted:

    /usr/local/zed/zed-config.cmake, version: 3.8.2


[0m
[31mCMake Error at CMakeLists.txt:20 (message):




   ZED SDK v4.x not found, install it from:
   https://www.stereolabs.com/developers/



[36mCall Stack (most recent call first):[0m
  CMakeLists.txt:26 (checkPackage)

[0m
[36m--[0m Configuring incomplete, errors occurred!
