[  0%] Built target std_msgs_generate_messages_py
[  0%] Built target geometry_msgs_generate_messages_py
[  0%] Built target sensor_msgs_generate_messages_py
[  0%] Built target _zed_interfaces_generate_messages_check_deps_save_area_memory
[  0%] Built target shape_msgs_generate_messages_py
[  0%] Built target _zed_interfaces_generate_messages_check_deps_BoundingBox2Df
[  0%] Built target _zed_interfaces_generate_messages_check_deps_BoundingBox2Di
[  0%] Built target _zed_interfaces_generate_messages_check_deps_BoundingBox3D
[  0%] Built target _zed_interfaces_generate_messages_check_deps_Keypoint2Df
[  0%] Built target _zed_interfaces_generate_messages_check_deps_Keypoint2Di
[  0%] Built target _zed_interfaces_generate_messages_check_deps_Keypoint3D
[  0%] Built target _zed_interfaces_generate_messages_check_deps_Object
[  0%] Built target _zed_interfaces_generate_messages_check_deps_ObjectsStamped
[  0%] Built target _zed_interfaces_generate_messages_check_deps_Skeleton2D
[  0%] Built target _zed_interfaces_generate_messages_check_deps_Skeleton3D
[  0%] Built target _zed_interfaces_generate_messages_check_deps_RGBDSensors
[  0%] Built target _zed_interfaces_generate_messages_check_deps_PlaneStamped
[  0%] Built target _zed_interfaces_generate_messages_check_deps_set_pose
[  0%] Built target _zed_interfaces_generate_messages_check_deps_reset_odometry
[  0%] Built target _zed_interfaces_generate_messages_check_deps_reset_tracking
[  0%] Built target _zed_interfaces_generate_messages_check_deps_start_svo_recording
[  0%] Built target _zed_interfaces_generate_messages_check_deps_stop_svo_recording
[  0%] Built target _zed_interfaces_generate_messages_check_deps_start_remote_stream
[  0%] Built target _zed_interfaces_generate_messages_check_deps_stop_remote_stream
[  0%] Built target _zed_interfaces_generate_messages_check_deps_set_led_status
[  0%] Built target _zed_interfaces_generate_messages_check_deps_toggle_led
[  0%] Built target _zed_interfaces_generate_messages_check_deps_start_3d_mapping
[  0%] Built target _zed_interfaces_generate_messages_check_deps_stop_3d_mapping
[  0%] Built target _zed_interfaces_generate_messages_check_deps_save_3d_map
[  0%] Built target _zed_interfaces_generate_messages_check_deps_start_object_detection
[  0%] Built target std_msgs_generate_messages_cpp
[  0%] Built target _zed_interfaces_generate_messages_check_deps_stop_object_detection
[  0%] Built target geometry_msgs_generate_messages_cpp
[  0%] Built target shape_msgs_generate_messages_cpp
[  0%] Built target sensor_msgs_generate_messages_cpp
[  0%] Built target std_msgs_generate_messages_eus
[  0%] Built target geometry_msgs_generate_messages_eus
[  0%] Built target sensor_msgs_generate_messages_eus
[  0%] Built target shape_msgs_generate_messages_eus
[  0%] Built target std_msgs_generate_messages_lisp
[  0%] Built target geometry_msgs_generate_messages_lisp
[  0%] Built target sensor_msgs_generate_messages_lisp
[  0%] Built target shape_msgs_generate_messages_lisp
[  0%] Built target std_msgs_generate_messages_nodejs
[  0%] Built target geometry_msgs_generate_messages_nodejs
[  0%] Built target sensor_msgs_generate_messages_nodejs
[  0%] Built target shape_msgs_generate_messages_nodejs
[  0%] [34m[1mGenerating Python from MSG zed_interfaces/BoundingBox2Df[0m
[  1%] [34m[1mGenerating C++ code from zed_interfaces/BoundingBox2Df.msg[0m
[  1%] [34m[1mGenerating C++ code from zed_interfaces/BoundingBox2Di.msg[0m
[  2%] [34m[1mGenerating Python from MSG zed_interfaces/BoundingBox2Di[0m
[  3%] [34m[1mGenerating C++ code from zed_interfaces/BoundingBox3D.msg[0m
[  4%] [34m[1mGenerating C++ code from zed_interfaces/Keypoint2Df.msg[0m
[  5%] [34m[1mGenerating Python from MSG zed_interfaces/BoundingBox3D[0m
[  5%] [34m[1mGenerating C++ code from zed_interfaces/Keypoint2Di.msg[0m
[  6%] [34m[1mGenerating C++ code from zed_interfaces/Keypoint3D.msg[0m
[  6%] [34m[1mGenerating Python from MSG zed_interfaces/Keypoint2Df[0m
[  7%] [34m[1mGenerating C++ code from zed_interfaces/Object.msg[0m
[  8%] [34m[1mGenerating EusLisp code from zed_interfaces/BoundingBox2Df.msg[0m
[  9%] [34m[1mGenerating Python from MSG zed_interfaces/Keypoint2Di[0m
[ 10%] [34m[1mGenerating EusLisp code from zed_interfaces/BoundingBox2Di.msg[0m
[ 10%] [34m[1mGenerating C++ code from zed_interfaces/ObjectsStamped.msg[0m
[ 10%] [34m[1mGenerating EusLisp code from zed_interfaces/BoundingBox3D.msg[0m
[ 11%] [34m[1mGenerating C++ code from zed_interfaces/Skeleton2D.msg[0m
[ 12%] [34m[1mGenerating Python from MSG zed_interfaces/Keypoint3D[0m
[ 12%] [34m[1mGenerating C++ code from zed_interfaces/Skeleton3D.msg[0m
[ 13%] [34m[1mGenerating EusLisp code from zed_interfaces/Keypoint2Df.msg[0m
[ 13%] [34m[1mGenerating Lisp code from zed_interfaces/BoundingBox2Df.msg[0m
[ 14%] [34m[1mGenerating Lisp code from zed_interfaces/BoundingBox2Di.msg[0m
[ 15%] [34m[1mGenerating EusLisp code from zed_interfaces/Keypoint2Di.msg[0m
[ 16%] [34m[1mGenerating Lisp code from zed_interfaces/BoundingBox3D.msg[0m
[ 17%] [34m[1mGenerating C++ code from zed_interfaces/RGBDSensors.msg[0m
[ 17%] [34m[1mGenerating Python from MSG zed_interfaces/Object[0m
[ 18%] [34m[1mGenerating C++ code from zed_interfaces/PlaneStamped.msg[0m
[ 18%] [34m[1mGenerating Lisp code from zed_interfaces/Keypoint2Df.msg[0m
[ 18%] [34m[1mGenerating EusLisp code from zed_interfaces/Keypoint3D.msg[0m
[ 20%] [34m[1mGenerating Javascript code from zed_interfaces/BoundingBox2Df.msg[0m
[ 21%] [34m[1mGenerating Python from MSG zed_interfaces/ObjectsStamped[0m
[ 21%] [34m[1mGenerating C++ code from zed_interfaces/set_pose.srv[0m
[ 22%] [34m[1mGenerating Lisp code from zed_interfaces/Keypoint2Di.msg[0m
[ 23%] [34m[1mGenerating Javascript code from zed_interfaces/BoundingBox2Di.msg[0m
[ 24%] [34m[1mGenerating C++ code from zed_interfaces/reset_odometry.srv[0m
[ 25%] [34m[1mGenerating EusLisp code from zed_interfaces/Object.msg[0m
[ 26%] [34m[1mGenerating Lisp code from zed_interfaces/Keypoint3D.msg[0m
[ 27%] [34m[1mGenerating Python from MSG zed_interfaces/Skeleton2D[0m
[ 27%] [34m[1mGenerating Lisp code from zed_interfaces/Object.msg[0m
[ 27%] [34m[1mGenerating Javascript code from zed_interfaces/BoundingBox3D.msg[0m
[ 28%] [34m[1mGenerating EusLisp code from zed_interfaces/ObjectsStamped.msg[0m
[ 29%] [34m[1mGenerating Lisp code from zed_interfaces/ObjectsStamped.msg[0m
[ 30%] [34m[1mGenerating EusLisp code from zed_interfaces/Skeleton2D.msg[0m
[ 30%] [34m[1mGenerating Lisp code from zed_interfaces/Skeleton2D.msg[0m
[ 31%] [34m[1mGenerating Javascript code from zed_interfaces/Keypoint2Df.msg[0m
[ 32%] [34m[1mGenerating Lisp code from zed_interfaces/Skeleton3D.msg[0m
[ 33%] [34m[1mGenerating C++ code from zed_interfaces/reset_tracking.srv[0m
[ 34%] [34m[1mGenerating Javascript code from zed_interfaces/Keypoint2Di.msg[0m
[ 35%] [34m[1mGenerating Lisp code from zed_interfaces/RGBDSensors.msg[0m
[ 35%] [34m[1mGenerating Javascript code from zed_interfaces/Keypoint3D.msg[0m
[ 36%] [34m[1mGenerating Python from MSG zed_interfaces/Skeleton3D[0m
[ 37%] [34m[1mGenerating Javascript code from zed_interfaces/Object.msg[0m
[ 37%] [34m[1mGenerating EusLisp code from zed_interfaces/Skeleton3D.msg[0m
[ 38%] [34m[1mGenerating Lisp code from zed_interfaces/PlaneStamped.msg[0m
[ 40%] [34m[1mGenerating Javascript code from zed_interfaces/ObjectsStamped.msg[0m
[ 41%] [34m[1mGenerating Javascript code from zed_interfaces/Skeleton2D.msg[0m
[ 41%] [34m[1mGenerating Javascript code from zed_interfaces/Skeleton3D.msg[0m
[ 42%] [34m[1mGenerating Lisp code from zed_interfaces/set_pose.srv[0m
[ 43%] [34m[1mGenerating C++ code from zed_interfaces/start_svo_recording.srv[0m
[ 44%] [34m[1mGenerating EusLisp code from zed_interfaces/RGBDSensors.msg[0m
[ 45%] [34m[1mGenerating Lisp code from zed_interfaces/reset_odometry.srv[0m
[ 45%] [34m[1mGenerating Python from MSG zed_interfaces/RGBDSensors[0m
[ 46%] [34m[1mGenerating Javascript code from zed_interfaces/RGBDSensors.msg[0m
[ 47%] [34m[1mGenerating C++ code from zed_interfaces/stop_svo_recording.srv[0m
[ 47%] [34m[1mGenerating Lisp code from zed_interfaces/reset_tracking.srv[0m
[ 47%] [34m[1mGenerating Javascript code from zed_interfaces/PlaneStamped.msg[0m
[ 47%] [34m[1mGenerating EusLisp code from zed_interfaces/PlaneStamped.msg[0m
[ 48%] [34m[1mGenerating Lisp code from zed_interfaces/start_svo_recording.srv[0m
[ 48%] [34m[1mGenerating Javascript code from zed_interfaces/set_pose.srv[0m
[ 48%] [34m[1mGenerating Lisp code from zed_interfaces/stop_svo_recording.srv[0m
[ 49%] [34m[1mGenerating Javascript code from zed_interfaces/reset_odometry.srv[0m
[ 49%] [34m[1mGenerating EusLisp code from zed_interfaces/set_pose.srv[0m
[ 50%] [34m[1mGenerating Python from MSG zed_interfaces/PlaneStamped[0m
[ 51%] [34m[1mGenerating Lisp code from zed_interfaces/start_remote_stream.srv[0m
[ 52%] [34m[1mGenerating EusLisp code from zed_interfaces/reset_odometry.srv[0m
[ 53%] [34m[1mGenerating Lisp code from zed_interfaces/stop_remote_stream.srv[0m
[ 54%] [34m[1mGenerating Javascript code from zed_interfaces/reset_tracking.srv[0m
[ 54%] [34m[1mGenerating Python code from SRV zed_interfaces/set_pose[0m
[ 54%] [34m[1mGenerating C++ code from zed_interfaces/start_remote_stream.srv[0m
[ 54%] [34m[1mGenerating Javascript code from zed_interfaces/start_svo_recording.srv[0m
[ 55%] [34m[1mGenerating EusLisp code from zed_interfaces/reset_tracking.srv[0m
[ 56%] [34m[1mGenerating Python code from SRV zed_interfaces/reset_odometry[0m
[ 55%] [34m[1mGenerating Lisp code from zed_interfaces/set_led_status.srv[0m
[ 56%] [34m[1mGenerating EusLisp code from zed_interfaces/start_svo_recording.srv[0m
[ 57%] [34m[1mGenerating Javascript code from zed_interfaces/stop_svo_recording.srv[0m
[ 58%] [34m[1mGenerating Javascript code from zed_interfaces/start_remote_stream.srv[0m
[ 61%] [34m[1mGenerating EusLisp code from zed_interfaces/stop_svo_recording.srv[0m
[ 62%] [34m[1mGenerating Python code from SRV zed_interfaces/reset_tracking[0m
[ 62%] [34m[1mGenerating Lisp code from zed_interfaces/toggle_led.srv[0m
[ 63%] [34m[1mGenerating Python code from SRV zed_interfaces/start_svo_recording[0m
[ 63%] [34m[1mGenerating Javascript code from zed_interfaces/stop_remote_stream.srv[0m
[ 64%] [34m[1mGenerating C++ code from zed_interfaces/stop_remote_stream.srv[0m
[ 65%] [34m[1mGenerating EusLisp code from zed_interfaces/start_remote_stream.srv[0m
[ 66%] [34m[1mGenerating Lisp code from zed_interfaces/start_3d_mapping.srv[0m
[ 66%] [34m[1mGenerating EusLisp code from zed_interfaces/stop_remote_stream.srv[0m
[ 67%] [34m[1mGenerating Python code from SRV zed_interfaces/stop_svo_recording[0m
[ 68%] [34m[1mGenerating Javascript code from zed_interfaces/set_led_status.srv[0m
[ 68%] [34m[1mGenerating Lisp code from zed_interfaces/stop_3d_mapping.srv[0m
[ 68%] [34m[1mGenerating Python code from SRV zed_interfaces/start_remote_stream[0m
[ 69%] [34m[1mGenerating Lisp code from zed_interfaces/save_3d_map.srv[0m
[ 70%] [34m[1mGenerating Javascript code from zed_interfaces/toggle_led.srv[0m
[ 71%] [34m[1mGenerating EusLisp code from zed_interfaces/set_led_status.srv[0m
[ 72%] [34m[1mGenerating Python code from SRV zed_interfaces/stop_remote_stream[0m
[ 72%] [34m[1mGenerating Lisp code from zed_interfaces/start_object_detection.srv[0m
[ 73%] [34m[1mGenerating Javascript code from zed_interfaces/start_3d_mapping.srv[0m
[ 74%] [34m[1mGenerating Lisp code from zed_interfaces/stop_object_detection.srv[0m
[ 75%] [34m[1mGenerating EusLisp code from zed_interfaces/toggle_led.srv[0m
[ 76%] [34m[1mGenerating Lisp code from zed_interfaces/save_area_memory.srv[0m
[ 77%] [34m[1mGenerating Javascript code from zed_interfaces/stop_3d_mapping.srv[0m
[ 78%] [34m[1mGenerating Python code from SRV zed_interfaces/set_led_status[0m
[ 78%] [34m[1mGenerating Javascript code from zed_interfaces/save_3d_map.srv[0m
[ 80%] [34m[1mGenerating C++ code from zed_interfaces/set_led_status.srv[0m
[ 81%] [34m[1mGenerating EusLisp code from zed_interfaces/start_3d_mapping.srv[0m
[ 82%] [34m[1mGenerating Javascript code from zed_interfaces/start_object_detection.srv[0m
[ 83%] [34m[1mGenerating Python code from SRV zed_interfaces/toggle_led[0m
[ 83%] Built target zed_interfaces_generate_messages_lisp
[ 84%] [34m[1mGenerating Python code from SRV zed_interfaces/start_3d_mapping[0m
[ 85%] [34m[1mGenerating Python code from SRV zed_interfaces/stop_3d_mapping[0m
[ 86%] [34m[1mGenerating EusLisp code from zed_interfaces/stop_3d_mapping.srv[0m
[ 87%] [34m[1mGenerating Javascript code from zed_interfaces/stop_object_detection.srv[0m
[ 87%] [34m[1mGenerating C++ code from zed_interfaces/toggle_led.srv[0m
[ 88%] [34m[1mGenerating Javascript code from zed_interfaces/save_area_memory.srv[0m
[ 88%] [34m[1mGenerating Python code from SRV zed_interfaces/save_3d_map[0m
[ 89%] [34m[1mGenerating C++ code from zed_interfaces/start_3d_mapping.srv[0m
[ 89%] [34m[1mGenerating EusLisp code from zed_interfaces/save_3d_map.srv[0m
[ 90%] [34m[1mGenerating Python code from SRV zed_interfaces/start_object_detection[0m
[ 90%] Built target zed_interfaces_generate_messages_nodejs
[ 91%] [34m[1mGenerating EusLisp code from zed_interfaces/start_object_detection.srv[0m
[ 92%] [34m[1mGenerating C++ code from zed_interfaces/stop_3d_mapping.srv[0m
[ 92%] [34m[1mGenerating Python code from SRV zed_interfaces/stop_object_detection[0m
[ 93%] [34m[1mGenerating EusLisp code from zed_interfaces/stop_object_detection.srv[0m
[ 94%] [34m[1mGenerating Python code from SRV zed_interfaces/save_area_memory[0m
[ 95%] [34m[1mGenerating EusLisp code from zed_interfaces/save_area_memory.srv[0m
[ 95%] [34m[1mGenerating C++ code from zed_interfaces/save_3d_map.srv[0m
[ 96%] [34m[1mGenerating EusLisp manifest code for zed_interfaces[0m
[ 97%] [34m[1mGenerating C++ code from zed_interfaces/start_object_detection.srv[0m
[ 97%] [34m[1mGenerating C++ code from zed_interfaces/stop_object_detection.srv[0m
[ 98%] [34m[1mGenerating C++ code from zed_interfaces/save_area_memory.srv[0m
[100%] [34m[1mGenerating Python msg __init__.py for zed_interfaces[0m
[100%] [34m[1mGenerating Python srv __init__.py for zed_interfaces[0m
[100%] Built target zed_interfaces_generate_messages_py
[100%] Built target zed_interfaces_generate_messages_cpp
[100%] Built target zed_interfaces_generate_messages_eus
[100%] Built target zed_interfaces_generate_messages
